2022-11-01 14:19:04.284  INFO 9708 --- [restartedMain] rdFileUploadSpringBootMybatisApplication : Starting BoardFileUploadSpringBootMybatisApplication using Java 1.8.0_192 on DESKTOP-KVCQHCD with PID 9708 (C:\SSAFY\spring\BoardFileUploadSpringBootMybatis\bin\main started by SSAFY in C:\SSAFY\spring\BoardFileUploadSpringBootMybatis)
2022-11-01 14:19:04.285  INFO 9708 --- [restartedMain] rdFileUploadSpringBootMybatisApplication : No active profile set, falling back to 1 default profile: "default"
2022-11-01 14:19:04.310  INFO 9708 --- [restartedMain] .e.DevToolsPropertyDefaultsPostProcessor : Devtools property defaults active! Set 'spring.devtools.add-properties' to 'false' to disable
2022-11-01 14:19:04.310  INFO 9708 --- [restartedMain] .e.DevToolsPropertyDefaultsPostProcessor : For additional web related logging consider setting the 'logging.level.web' property to 'DEBUG'
2022-11-01 14:19:04.896  INFO 9708 --- [restartedMain] o.s.b.w.embedded.tomcat.TomcatWebServer  : Tomcat initialized with port(s): 8080 (http)
2022-11-01 14:19:04.901  INFO 9708 --- [restartedMain] o.apache.catalina.core.StandardService   : Starting service [Tomcat]
2022-11-01 14:19:04.901  INFO 9708 --- [restartedMain] org.apache.catalina.core.StandardEngine  : Starting Servlet engine: [Apache Tomcat/9.0.68]
2022-11-01 14:19:04.942  INFO 9708 --- [restartedMain] o.a.c.c.C.[Tomcat].[localhost].[/]       : Initializing Spring embedded WebApplicationContext
2022-11-01 14:19:04.942  INFO 9708 --- [restartedMain] w.s.c.ServletWebServerApplicationContext : Root WebApplicationContext: initialization completed in 631 ms
2022-11-01 14:19:04.973  WARN 9708 --- [restartedMain] ConfigServletWebServerApplicationContext : Exception encountered during context initialization - cancelling refresh attempt: org.springframework.beans.factory.UnsatisfiedDependencyException: Error creating bean with name 'boardController': Unsatisfied dependency expressed through field 'service'; nested exception is org.springframework.beans.factory.BeanCreationException: Error creating bean with name 'boardServiceImpl' defined in file [C:\SSAFY\spring\BoardFileUploadSpringBootMybatis\bin\main\com\mycom\myboard\service\BoardServiceImpl.class]: Instantiation of bean failed; nested exception is org.springframework.beans.BeanInstantiationException: Failed to instantiate [com.mycom.myboard.service.BoardServiceImpl]: Constructor threw exception; nested exception is java.lang.Error: Unresolved compilation problems: 
	Lombok annotation handler class lombok.eclipse.handlers.HandleValue failed - See error log.
	Lombok annotation handler class lombok.eclipse.handlers.HandleValue failed - See error log.
	The import org.apache.commons.io cannot be resolved
	The annotation @Value is disallowed for this location
	The attribute value is undefined for the annotation type Value
	The annotation @Value is disallowed for this location
	The attribute value is undefined for the annotation type Value
	FilenameUtils cannot be resolved
	FilenameUtils cannot be resolved

2022-11-01 14:19:04.975  INFO 9708 --- [restartedMain] o.apache.catalina.core.StandardService   : Stopping service [Tomcat]
2022-11-01 14:19:04.983  INFO 9708 --- [restartedMain] ConditionEvaluationReportLoggingListener : 

Error starting ApplicationContext. To display the conditions report re-run your application with 'debug' enabled.
2022-11-01 14:19:05.000 ERROR 9708 --- [restartedMain] o.s.boot.SpringApplication               : Application run failed

org.springframework.beans.factory.UnsatisfiedDependencyException: Error creating bean with name 'boardController': Unsatisfied dependency expressed through field 'service'; nested exception is org.springframework.beans.factory.BeanCreationException: Error creating bean with name 'boardServiceImpl' defined in file [C:\SSAFY\spring\BoardFileUploadSpringBootMybatis\bin\main\com\mycom\myboard\service\BoardServiceImpl.class]: Instantiation of bean failed; nested exception is org.springframework.beans.BeanInstantiationException: Failed to instantiate [com.mycom.myboard.service.BoardServiceImpl]: Constructor threw exception; nested exception is java.lang.Error: Unresolved compilation problems: 
	Lombok annotation handler class lombok.eclipse.handlers.HandleValue failed - See error log.
	Lombok annotation handler class lombok.eclipse.handlers.HandleValue failed - See error log.
	The import org.apache.commons.io cannot be resolved
	The annotation @Value is disallowed for this location
	The attribute value is undefined for the annotation type Value
	The annotation @Value is disallowed for this location
	The attribute value is undefined for the annotation type Value
	FilenameUtils cannot be resolved
	FilenameUtils cannot be resolved

	at org.springframework.beans.factory.annotation.AutowiredAnnotationBeanPostProcessor$AutowiredFieldElement.resolveFieldValue(AutowiredAnnotationBeanPostProcessor.java:659) ~[spring-beans-5.3.23.jar:5.3.23]
	at org.springframework.beans.factory.annotation.AutowiredAnnotationBeanPostProcessor$AutowiredFieldElement.inject(AutowiredAnnotationBeanPostProcessor.java:639) ~[spring-beans-5.3.23.jar:5.3.23]
	at org.springframework.beans.factory.annotation.InjectionMetadata.inject(InjectionMetadata.java:119) ~[spring-beans-5.3.23.jar:5.3.23]
	at org.springframework.beans.factory.annotation.AutowiredAnnotationBeanPostProcessor.postProcessProperties(AutowiredAnnotationBeanPostProcessor.java:399) ~[spring-beans-5.3.23.jar:5.3.23]
	at org.springframework.beans.factory.support.AbstractAutowireCapableBeanFactory.populateBean(AbstractAutowireCapableBeanFactory.java:1431) ~[spring-beans-5.3.23.jar:5.3.23]
	at org.springframework.beans.factory.support.AbstractAutowireCapableBeanFactory.doCreateBean(AbstractAutowireCapableBeanFactory.java:619) ~[spring-beans-5.3.23.jar:5.3.23]
	at org.springframework.beans.factory.support.AbstractAutowireCapableBeanFactory.createBean(AbstractAutowireCapableBeanFactory.java:542) ~[spring-beans-5.3.23.jar:5.3.23]
	at org.springframework.beans.factory.support.AbstractBeanFactory.lambda$doGetBean$0(AbstractBeanFactory.java:335) ~[spring-beans-5.3.23.jar:5.3.23]
	at org.springframework.beans.factory.support.DefaultSingletonBeanRegistry.getSingleton(DefaultSingletonBeanRegistry.java:234) ~[spring-beans-5.3.23.jar:5.3.23]
	at org.springframework.beans.factory.support.AbstractBeanFactory.doGetBean(AbstractBeanFactory.java:333) ~[spring-beans-5.3.23.jar:5.3.23]
	at org.springframework.beans.factory.support.AbstractBeanFactory.getBean(AbstractBeanFactory.java:208) ~[spring-beans-5.3.23.jar:5.3.23]
	at org.springframework.beans.factory.support.DefaultListableBeanFactory.preInstantiateSingletons(DefaultListableBeanFactory.java:955) ~[spring-beans-5.3.23.jar:5.3.23]
	at org.springframework.context.support.AbstractApplicationContext.finishBeanFactoryInitialization(AbstractApplicationContext.java:918) ~[spring-context-5.3.23.jar:5.3.23]
	at org.springframework.context.support.AbstractApplicationContext.refresh(AbstractApplicationContext.java:583) ~[spring-context-5.3.23.jar:5.3.23]
	at org.springframework.boot.web.servlet.context.ServletWebServerApplicationContext.refresh(ServletWebServerApplicationContext.java:147) ~[spring-boot-2.7.5.jar:2.7.5]
	at org.springframework.boot.SpringApplication.refresh(SpringApplication.java:734) [spring-boot-2.7.5.jar:2.7.5]
	at org.springframework.boot.SpringApplication.refreshContext(SpringApplication.java:408) [spring-boot-2.7.5.jar:2.7.5]
	at org.springframework.boot.SpringApplication.run(SpringApplication.java:308) [spring-boot-2.7.5.jar:2.7.5]
	at org.springframework.boot.SpringApplication.run(SpringApplication.java:1306) [spring-boot-2.7.5.jar:2.7.5]
	at org.springframework.boot.SpringApplication.run(SpringApplication.java:1295) [spring-boot-2.7.5.jar:2.7.5]
	at com.mycom.myboard.BoardFileUploadSpringBootMybatisApplication.main(BoardFileUploadSpringBootMybatisApplication.java:10) [main/:na]
	at sun.reflect.NativeMethodAccessorImpl.invoke0(Native Method) ~[na:1.8.0_192]
	at sun.reflect.NativeMethodAccessorImpl.invoke(NativeMethodAccessorImpl.java:62) ~[na:1.8.0_192]
	at sun.reflect.DelegatingMethodAccessorImpl.invoke(DelegatingMethodAccessorImpl.java:43) ~[na:1.8.0_192]
	at java.lang.reflect.Method.invoke(Method.java:498) ~[na:1.8.0_192]
	at org.springframework.boot.devtools.restart.RestartLauncher.run(RestartLauncher.java:49) [spring-boot-devtools-2.7.5.jar:2.7.5]
Caused by: org.springframework.beans.factory.BeanCreationException: Error creating bean with name 'boardServiceImpl' defined in file [C:\SSAFY\spring\BoardFileUploadSpringBootMybatis\bin\main\com\mycom\myboard\service\BoardServiceImpl.class]: Instantiation of bean failed; nested exception is org.springframework.beans.BeanInstantiationException: Failed to instantiate [com.mycom.myboard.service.BoardServiceImpl]: Constructor threw exception; nested exception is java.lang.Error: Unresolved compilation problems: 
	Lombok annotation handler class lombok.eclipse.handlers.HandleValue failed - See error log.
	Lombok annotation handler class lombok.eclipse.handlers.HandleValue failed - See error log.
	The import org.apache.commons.io cannot be resolved
	The annotation @Value is disallowed for this location
	The attribute value is undefined for the annotation type Value
	The annotation @Value is disallowed for this location
	The attribute value is undefined for the annotation type Value
	FilenameUtils cannot be resolved
	FilenameUtils cannot be resolved

	at org.springframework.beans.factory.support.AbstractAutowireCapableBeanFactory.instantiateBean(AbstractAutowireCapableBeanFactory.java:1334) ~[spring-beans-5.3.23.jar:5.3.23]
	at org.springframework.beans.factory.support.AbstractAutowireCapableBeanFactory.createBeanInstance(AbstractAutowireCapableBeanFactory.java:1232) ~[spring-beans-5.3.23.jar:5.3.23]
	at org.springframework.beans.factory.support.AbstractAutowireCapableBeanFactory.doCreateBean(AbstractAutowireCapableBeanFactory.java:582) ~[spring-beans-5.3.23.jar:5.3.23]
	at org.springframework.beans.factory.support.AbstractAutowireCapableBeanFactory.createBean(AbstractAutowireCapableBeanFactory.java:542) ~[spring-beans-5.3.23.jar:5.3.23]
	at org.springframework.beans.factory.support.AbstractBeanFactory.lambda$doGetBean$0(AbstractBeanFactory.java:335) ~[spring-beans-5.3.23.jar:5.3.23]
	at org.springframework.beans.factory.support.DefaultSingletonBeanRegistry.getSingleton(DefaultSingletonBeanRegistry.java:234) ~[spring-beans-5.3.23.jar:5.3.23]
	at org.springframework.beans.factory.support.AbstractBeanFactory.doGetBean(AbstractBeanFactory.java:333) ~[spring-beans-5.3.23.jar:5.3.23]
	at org.springframework.beans.factory.support.AbstractBeanFactory.getBean(AbstractBeanFactory.java:208) ~[spring-beans-5.3.23.jar:5.3.23]
	at org.springframework.beans.factory.config.DependencyDescriptor.resolveCandidate(DependencyDescriptor.java:276) ~[spring-beans-5.3.23.jar:5.3.23]
	at org.springframework.beans.factory.support.DefaultListableBeanFactory.doResolveDependency(DefaultListableBeanFactory.java:1391) ~[spring-beans-5.3.23.jar:5.3.23]
	at org.springframework.beans.factory.support.DefaultListableBeanFactory.resolveDependency(DefaultListableBeanFactory.java:1311) ~[spring-beans-5.3.23.jar:5.3.23]
	at org.springframework.beans.factory.annotation.AutowiredAnnotationBeanPostProcessor$AutowiredFieldElement.resolveFieldValue(AutowiredAnnotationBeanPostProcessor.java:656) ~[spring-beans-5.3.23.jar:5.3.23]
	... 25 common frames omitted
Caused by: org.springframework.beans.BeanInstantiationException: Failed to instantiate [com.mycom.myboard.service.BoardServiceImpl]: Constructor threw exception; nested exception is java.lang.Error: Unresolved compilation problems: 
	Lombok annotation handler class lombok.eclipse.handlers.HandleValue failed - See error log.
	Lombok annotation handler class lombok.eclipse.handlers.HandleValue failed - See error log.
	The import org.apache.commons.io cannot be resolved
	The annotation @Value is disallowed for this location
	The attribute value is undefined for the annotation type Value
	The annotation @Value is disallowed for this location
	The attribute value is undefined for the annotation type Value
	FilenameUtils cannot be resolved
	FilenameUtils cannot be resolved

	at org.springframework.beans.BeanUtils.instantiateClass(BeanUtils.java:224) ~[spring-beans-5.3.23.jar:5.3.23]
	at org.springframework.beans.factory.support.SimpleInstantiationStrategy.instantiate(SimpleInstantiationStrategy.java:87) ~[spring-beans-5.3.23.jar:5.3.23]
	at org.springframework.beans.factory.support.AbstractAutowireCapableBeanFactory.instantiateBean(AbstractAutowireCapableBeanFactory.java:1326) ~[spring-beans-5.3.23.jar:5.3.23]
	... 36 common frames omitted
Caused by: java.lang.Error: Unresolved compilation problems: 
	Lombok annotation handler class lombok.eclipse.handlers.HandleValue failed - See error log.
	Lombok annotation handler class lombok.eclipse.handlers.HandleValue failed - See error log.
	The import org.apache.commons.io cannot be resolved
	The annotation @Value is disallowed for this location
	The attribute value is undefined for the annotation type Value
	The annotation @Value is disallowed for this location
	The attribute value is undefined for the annotation type Value
	FilenameUtils cannot be resolved
	FilenameUtils cannot be resolved

	at com.mycom.myboard.service.BoardServiceImpl.<init>(BoardServiceImpl.java:1) ~[main/:na]
	at sun.reflect.NativeConstructorAccessorImpl.newInstance0(Native Method) ~[na:1.8.0_192]
	at sun.reflect.NativeConstructorAccessorImpl.newInstance(NativeConstructorAccessorImpl.java:62) ~[na:1.8.0_192]
	at sun.reflect.DelegatingConstructorAccessorImpl.newInstance(DelegatingConstructorAccessorImpl.java:45) ~[na:1.8.0_192]
	at java.lang.reflect.Constructor.newInstance(Constructor.java:423) ~[na:1.8.0_192]
	at org.springframework.beans.BeanUtils.instantiateClass(BeanUtils.java:211) ~[spring-beans-5.3.23.jar:5.3.23]
	... 38 common frames omitted

