2022-11-04 14:10:31.225  INFO 14328 --- [restartedMain] c.mycom.more.SpringBootMoreApplication   : Starting SpringBootMoreApplication using Java 1.8.0_192 on DESKTOP-KVCQHCD with PID 14328 (C:\SSAFY\spring\SpringBootMore\bin\main started by SSAFY in C:\SSAFY\spring\SpringBootMore)
2022-11-04 14:10:31.228  INFO 14328 --- [restartedMain] c.mycom.more.SpringBootMoreApplication   : No active profile set, falling back to 1 default profile: "default"
2022-11-04 14:10:31.254  INFO 14328 --- [restartedMain] .e.DevToolsPropertyDefaultsPostProcessor : Devtools property defaults active! Set 'spring.devtools.add-properties' to 'false' to disable
2022-11-04 14:10:31.254  INFO 14328 --- [restartedMain] .e.DevToolsPropertyDefaultsPostProcessor : For additional web related logging consider setting the 'logging.level.web' property to 'DEBUG'
2022-11-04 14:10:31.964  INFO 14328 --- [restartedMain] o.s.b.w.embedded.tomcat.TomcatWebServer  : Tomcat initialized with port(s): 8080 (http)
2022-11-04 14:10:31.968  INFO 14328 --- [restartedMain] o.apache.catalina.core.StandardService   : Starting service [Tomcat]
2022-11-04 14:10:31.969  INFO 14328 --- [restartedMain] org.apache.catalina.core.StandardEngine  : Starting Servlet engine: [Apache Tomcat/9.0.68]
2022-11-04 14:10:32.006  INFO 14328 --- [restartedMain] o.a.c.c.C.[Tomcat].[localhost].[/]       : Initializing Spring embedded WebApplicationContext
2022-11-04 14:10:32.007  INFO 14328 --- [restartedMain] w.s.c.ServletWebServerApplicationContext : Root WebApplicationContext: initialization completed in 752 ms
2022-11-04 14:10:32.462  INFO 14328 --- [restartedMain] o.s.b.d.a.OptionalLiveReloadServer       : LiveReload server is running on port 35729
2022-11-04 14:10:32.481  INFO 14328 --- [restartedMain] o.s.b.w.embedded.tomcat.TomcatWebServer  : Tomcat started on port(s): 8080 (http) with context path ''
2022-11-04 14:10:32.488  INFO 14328 --- [restartedMain] c.mycom.more.SpringBootMoreApplication   : Started SpringBootMoreApplication in 1.483 seconds (JVM running for 1.942)
2022-11-04 14:11:09.465  INFO 14328 --- [http-nio-8080-exec-1] o.a.c.c.C.[Tomcat].[localhost].[/]       : Initializing Spring DispatcherServlet 'dispatcherServlet'
2022-11-04 14:11:09.465  INFO 14328 --- [http-nio-8080-exec-1] o.s.web.servlet.DispatcherServlet        : Initializing Servlet 'dispatcherServlet'
2022-11-04 14:11:09.466  INFO 14328 --- [http-nio-8080-exec-1] o.s.web.servlet.DispatcherServlet        : Completed initialization in 1 ms
2022-11-04 14:11:09.523  INFO 14328 --- [http-nio-8080-exec-2] com.zaxxer.hikari.HikariDataSource       : HikariPool-1 - Starting...
2022-11-04 14:11:09.671  INFO 14328 --- [http-nio-8080-exec-2] com.zaxxer.hikari.HikariDataSource       : HikariPool-1 - Start completed.
2022-11-04 14:15:31.136  INFO 14328 --- [File Watcher] rtingClassPathChangeChangedEventListener : Restarting due to 1 class path change (0 additions, 0 deletions, 1 modification)
2022-11-04 14:15:31.229  INFO 14328 --- [Thread-6] o.apache.catalina.core.StandardService   : Stopping service [Tomcat]
2022-11-04 14:15:31.230  INFO 14328 --- [Thread-6] o.a.c.c.C.[Tomcat].[localhost].[/]       : Destroying Spring FrameworkServlet 'dispatcherServlet'
2022-11-04 14:15:31.232  WARN 14328 --- [Thread-6] o.a.c.loader.WebappClassLoaderBase       : The web application [ROOT] appears to have started a thread named [HikariPool-1 housekeeper] but has failed to stop it. This is very likely to create a memory leak. Stack trace of thread:
 sun.misc.Unsafe.park(Native Method)
 java.util.concurrent.locks.LockSupport.parkNanos(LockSupport.java:215)
 java.util.concurrent.locks.AbstractQueuedSynchronizer$ConditionObject.awaitNanos(AbstractQueuedSynchronizer.java:2078)
 java.util.concurrent.ScheduledThreadPoolExecutor$DelayedWorkQueue.take(ScheduledThreadPoolExecutor.java:1093)
 java.util.concurrent.ScheduledThreadPoolExecutor$DelayedWorkQueue.take(ScheduledThreadPoolExecutor.java:809)
 java.util.concurrent.ThreadPoolExecutor.getTask(ThreadPoolExecutor.java:1074)
 java.util.concurrent.ThreadPoolExecutor.runWorker(ThreadPoolExecutor.java:1134)
 java.util.concurrent.ThreadPoolExecutor$Worker.run(ThreadPoolExecutor.java:624)
 java.lang.Thread.run(Thread.java:748)
2022-11-04 14:15:31.236  INFO 14328 --- [Thread-6] com.zaxxer.hikari.HikariDataSource       : HikariPool-1 - Shutdown initiated...
2022-11-04 14:15:31.243  INFO 14328 --- [Thread-6] com.zaxxer.hikari.HikariDataSource       : HikariPool-1 - Shutdown completed.
2022-11-04 14:15:31.333  INFO 14328 --- [restartedMain] c.mycom.more.SpringBootMoreApplication   : Starting SpringBootMoreApplication using Java 1.8.0_192 on DESKTOP-KVCQHCD with PID 14328 (C:\SSAFY\spring\SpringBootMore\bin\main started by SSAFY in C:\SSAFY\spring\SpringBootMore)
2022-11-04 14:15:31.333  INFO 14328 --- [restartedMain] c.mycom.more.SpringBootMoreApplication   : No active profile set, falling back to 1 default profile: "default"
2022-11-04 14:15:31.522  INFO 14328 --- [restartedMain] o.s.b.w.embedded.tomcat.TomcatWebServer  : Tomcat initialized with port(s): 8080 (http)
2022-11-04 14:15:31.522  INFO 14328 --- [restartedMain] o.apache.catalina.core.StandardService   : Starting service [Tomcat]
2022-11-04 14:15:31.522  INFO 14328 --- [restartedMain] org.apache.catalina.core.StandardEngine  : Starting Servlet engine: [Apache Tomcat/9.0.68]
2022-11-04 14:15:31.531  INFO 14328 --- [restartedMain] o.a.c.c.C.[Tomcat].[localhost].[/]       : Initializing Spring embedded WebApplicationContext
2022-11-04 14:15:31.531  INFO 14328 --- [restartedMain] w.s.c.ServletWebServerApplicationContext : Root WebApplicationContext: initialization completed in 197 ms
2022-11-04 14:15:31.690  INFO 14328 --- [restartedMain] o.s.b.d.a.OptionalLiveReloadServer       : LiveReload server is running on port 35729
2022-11-04 14:15:31.697  INFO 14328 --- [restartedMain] o.s.b.w.embedded.tomcat.TomcatWebServer  : Tomcat started on port(s): 8080 (http) with context path ''
2022-11-04 14:15:31.700  INFO 14328 --- [restartedMain] c.mycom.more.SpringBootMoreApplication   : Started SpringBootMoreApplication in 0.386 seconds (JVM running for 301.155)
2022-11-04 14:15:31.701  INFO 14328 --- [restartedMain] .ConditionEvaluationDeltaLoggingListener : Condition evaluation unchanged
2022-11-04 14:55:03.263  INFO 14328 --- [http-nio-8080-exec-1] o.a.c.c.C.[Tomcat].[localhost].[/]       : Initializing Spring DispatcherServlet 'dispatcherServlet'
2022-11-04 14:55:03.264  INFO 14328 --- [http-nio-8080-exec-1] o.s.web.servlet.DispatcherServlet        : Initializing Servlet 'dispatcherServlet'
2022-11-04 14:55:03.265  INFO 14328 --- [http-nio-8080-exec-1] o.s.web.servlet.DispatcherServlet        : Completed initialization in 1 ms
2022-11-04 14:55:03.272  INFO 14328 --- [http-nio-8080-exec-1] com.zaxxer.hikari.HikariDataSource       : HikariPool-2 - Starting...
2022-11-04 14:55:03.289  INFO 14328 --- [http-nio-8080-exec-1] com.zaxxer.hikari.HikariDataSource       : HikariPool-2 - Start completed.
2022-11-04 17:59:01.031  INFO 14328 --- [RMI TCP Connection(2)-127.0.0.1] inMXBeanRegistrar$SpringApplicationAdmin : Application shutdown requested.
2022-11-04 17:59:01.121  INFO 14328 --- [RMI TCP Connection(2)-127.0.0.1] o.apache.catalina.core.StandardService   : Stopping service [Tomcat]
2022-11-04 17:59:01.123  INFO 14328 --- [RMI TCP Connection(2)-127.0.0.1] o.a.c.c.C.[Tomcat].[localhost].[/]       : Destroying Spring FrameworkServlet 'dispatcherServlet'
2022-11-04 17:59:01.126  WARN 14328 --- [RMI TCP Connection(2)-127.0.0.1] o.a.c.loader.WebappClassLoaderBase       : The web application [ROOT] appears to have started a thread named [HikariPool-2 housekeeper] but has failed to stop it. This is very likely to create a memory leak. Stack trace of thread:
 sun.misc.Unsafe.park(Native Method)
 java.util.concurrent.locks.LockSupport.parkNanos(LockSupport.java:215)
 java.util.concurrent.locks.AbstractQueuedSynchronizer$ConditionObject.awaitNanos(AbstractQueuedSynchronizer.java:2078)
 java.util.concurrent.ScheduledThreadPoolExecutor$DelayedWorkQueue.take(ScheduledThreadPoolExecutor.java:1093)
 java.util.concurrent.ScheduledThreadPoolExecutor$DelayedWorkQueue.take(ScheduledThreadPoolExecutor.java:809)
 java.util.concurrent.ThreadPoolExecutor.getTask(ThreadPoolExecutor.java:1074)
 java.util.concurrent.ThreadPoolExecutor.runWorker(ThreadPoolExecutor.java:1134)
 java.util.concurrent.ThreadPoolExecutor$Worker.run(ThreadPoolExecutor.java:624)
 java.lang.Thread.run(Thread.java:748)
2022-11-04 17:59:01.130  INFO 14328 --- [RMI TCP Connection(2)-127.0.0.1] com.zaxxer.hikari.HikariDataSource       : HikariPool-2 - Shutdown initiated...
2022-11-04 17:59:01.135  INFO 14328 --- [RMI TCP Connection(2)-127.0.0.1] com.zaxxer.hikari.HikariDataSource       : HikariPool-2 - Shutdown completed.
