2022-11-08 15:47:59.093  INFO 12764 --- [restartedMain] c.mycom.more.SpringBootMoreApplication   : Starting SpringBootMoreApplication using Java 1.8.0_192 on DESKTOP-KVCQHCD with PID 12764 (C:\SSAFY\spring\SpringBootMore\bin\main started by SSAFY in C:\SSAFY\spring\SpringBootMore)
2022-11-08 15:47:59.096  INFO 12764 --- [restartedMain] c.mycom.more.SpringBootMoreApplication   : No active profile set, falling back to 1 default profile: "default"
2022-11-08 15:47:59.122  INFO 12764 --- [restartedMain] .e.DevToolsPropertyDefaultsPostProcessor : Devtools property defaults active! Set 'spring.devtools.add-properties' to 'false' to disable
2022-11-08 15:47:59.122  INFO 12764 --- [restartedMain] .e.DevToolsPropertyDefaultsPostProcessor : For additional web related logging consider setting the 'logging.level.web' property to 'DEBUG'
2022-11-08 15:47:59.811  INFO 12764 --- [restartedMain] o.s.b.w.embedded.tomcat.TomcatWebServer  : Tomcat initialized with port(s): 8080 (http)
2022-11-08 15:47:59.816  INFO 12764 --- [restartedMain] o.apache.catalina.core.StandardService   : Starting service [Tomcat]
2022-11-08 15:47:59.816  INFO 12764 --- [restartedMain] org.apache.catalina.core.StandardEngine  : Starting Servlet engine: [Apache Tomcat/9.0.68]
2022-11-08 15:47:59.867  INFO 12764 --- [restartedMain] o.a.c.c.C.[Tomcat].[localhost].[/]       : Initializing Spring embedded WebApplicationContext
2022-11-08 15:47:59.867  INFO 12764 --- [restartedMain] w.s.c.ServletWebServerApplicationContext : Root WebApplicationContext: initialization completed in 744 ms
2022-11-08 15:48:00.230  WARN 12764 --- [restartedMain] ConfigServletWebServerApplicationContext : Exception encountered during context initialization - cancelling refresh attempt: org.springframework.beans.factory.BeanCreationException: Error creating bean with name 'requestMappingHandlerMapping' defined in class path resource [org/springframework/boot/autoconfigure/web/servlet/WebMvcAutoConfiguration$EnableWebMvcConfiguration.class]: Invocation of init method failed; nested exception is java.lang.IllegalStateException: Ambiguous mapping. Cannot map '/vue' method 
com.mycom.more.controller.StudentVueController#update(StudentDto)
to {PUT [/students/{studentId}]}: There is already 'studentController' bean method
com.mycom.more.controller.StudentController#update(StudentDto) mapped.
2022-11-08 15:48:00.231  INFO 12764 --- [restartedMain] o.apache.catalina.core.StandardService   : Stopping service [Tomcat]
2022-11-08 15:48:00.238  INFO 12764 --- [restartedMain] ConditionEvaluationReportLoggingListener : 

Error starting ApplicationContext. To display the conditions report re-run your application with 'debug' enabled.
2022-11-08 15:48:00.253 ERROR 12764 --- [restartedMain] o.s.boot.SpringApplication               : Application run failed

org.springframework.beans.factory.BeanCreationException: Error creating bean with name 'requestMappingHandlerMapping' defined in class path resource [org/springframework/boot/autoconfigure/web/servlet/WebMvcAutoConfiguration$EnableWebMvcConfiguration.class]: Invocation of init method failed; nested exception is java.lang.IllegalStateException: Ambiguous mapping. Cannot map '/vue' method 
com.mycom.more.controller.StudentVueController#update(StudentDto)
to {PUT [/students/{studentId}]}: There is already 'studentController' bean method
com.mycom.more.controller.StudentController#update(StudentDto) mapped.
	at org.springframework.beans.factory.support.AbstractAutowireCapableBeanFactory.initializeBean(AbstractAutowireCapableBeanFactory.java:1804) ~[spring-beans-5.3.23.jar:5.3.23]
	at org.springframework.beans.factory.support.AbstractAutowireCapableBeanFactory.doCreateBean(AbstractAutowireCapableBeanFactory.java:620) ~[spring-beans-5.3.23.jar:5.3.23]
	at org.springframework.beans.factory.support.AbstractAutowireCapableBeanFactory.createBean(AbstractAutowireCapableBeanFactory.java:542) ~[spring-beans-5.3.23.jar:5.3.23]
	at org.springframework.beans.factory.support.AbstractBeanFactory.lambda$doGetBean$0(AbstractBeanFactory.java:335) ~[spring-beans-5.3.23.jar:5.3.23]
	at org.springframework.beans.factory.support.DefaultSingletonBeanRegistry.getSingleton(DefaultSingletonBeanRegistry.java:234) ~[spring-beans-5.3.23.jar:5.3.23]
	at org.springframework.beans.factory.support.AbstractBeanFactory.doGetBean(AbstractBeanFactory.java:333) ~[spring-beans-5.3.23.jar:5.3.23]
	at org.springframework.beans.factory.support.AbstractBeanFactory.getBean(AbstractBeanFactory.java:208) ~[spring-beans-5.3.23.jar:5.3.23]
	at org.springframework.beans.factory.support.DefaultListableBeanFactory.preInstantiateSingletons(DefaultListableBeanFactory.java:955) ~[spring-beans-5.3.23.jar:5.3.23]
	at org.springframework.context.support.AbstractApplicationContext.finishBeanFactoryInitialization(AbstractApplicationContext.java:918) ~[spring-context-5.3.23.jar:5.3.23]
	at org.springframework.context.support.AbstractApplicationContext.refresh(AbstractApplicationContext.java:583) ~[spring-context-5.3.23.jar:5.3.23]
	at org.springframework.boot.web.servlet.context.ServletWebServerApplicationContext.refresh(ServletWebServerApplicationContext.java:147) ~[spring-boot-2.7.5.jar:2.7.5]
	at org.springframework.boot.SpringApplication.refresh(SpringApplication.java:734) [spring-boot-2.7.5.jar:2.7.5]
	at org.springframework.boot.SpringApplication.refreshContext(SpringApplication.java:408) [spring-boot-2.7.5.jar:2.7.5]
	at org.springframework.boot.SpringApplication.run(SpringApplication.java:308) [spring-boot-2.7.5.jar:2.7.5]
	at org.springframework.boot.SpringApplication.run(SpringApplication.java:1306) [spring-boot-2.7.5.jar:2.7.5]
	at org.springframework.boot.SpringApplication.run(SpringApplication.java:1295) [spring-boot-2.7.5.jar:2.7.5]
	at com.mycom.more.SpringBootMoreApplication.main(SpringBootMoreApplication.java:14) [main/:na]
	at sun.reflect.NativeMethodAccessorImpl.invoke0(Native Method) ~[na:1.8.0_192]
	at sun.reflect.NativeMethodAccessorImpl.invoke(NativeMethodAccessorImpl.java:62) ~[na:1.8.0_192]
	at sun.reflect.DelegatingMethodAccessorImpl.invoke(DelegatingMethodAccessorImpl.java:43) ~[na:1.8.0_192]
	at java.lang.reflect.Method.invoke(Method.java:498) ~[na:1.8.0_192]
	at org.springframework.boot.devtools.restart.RestartLauncher.run(RestartLauncher.java:49) [spring-boot-devtools-2.7.5.jar:2.7.5]
Caused by: java.lang.IllegalStateException: Ambiguous mapping. Cannot map '/vue' method 
com.mycom.more.controller.StudentVueController#update(StudentDto)
to {PUT [/students/{studentId}]}: There is already 'studentController' bean method
com.mycom.more.controller.StudentController#update(StudentDto) mapped.
	at org.springframework.web.servlet.handler.AbstractHandlerMethodMapping$MappingRegistry.validateMethodMapping(AbstractHandlerMethodMapping.java:669) ~[spring-webmvc-5.3.23.jar:5.3.23]
	at org.springframework.web.servlet.handler.AbstractHandlerMethodMapping$MappingRegistry.register(AbstractHandlerMethodMapping.java:635) ~[spring-webmvc-5.3.23.jar:5.3.23]
	at org.springframework.web.servlet.handler.AbstractHandlerMethodMapping.registerHandlerMethod(AbstractHandlerMethodMapping.java:332) ~[spring-webmvc-5.3.23.jar:5.3.23]
	at org.springframework.web.servlet.mvc.method.annotation.RequestMappingHandlerMapping.registerHandlerMethod(RequestMappingHandlerMapping.java:420) ~[spring-webmvc-5.3.23.jar:5.3.23]
	at org.springframework.web.servlet.mvc.method.annotation.RequestMappingHandlerMapping.registerHandlerMethod(RequestMappingHandlerMapping.java:76) ~[spring-webmvc-5.3.23.jar:5.3.23]
	at org.springframework.web.servlet.handler.AbstractHandlerMethodMapping.lambda$detectHandlerMethods$2(AbstractHandlerMethodMapping.java:299) ~[spring-webmvc-5.3.23.jar:5.3.23]
	at java.util.LinkedHashMap.forEach(LinkedHashMap.java:684) ~[na:1.8.0_192]
	at org.springframework.web.servlet.handler.AbstractHandlerMethodMapping.detectHandlerMethods(AbstractHandlerMethodMapping.java:297) ~[spring-webmvc-5.3.23.jar:5.3.23]
	at org.springframework.web.servlet.handler.AbstractHandlerMethodMapping.processCandidateBean(AbstractHandlerMethodMapping.java:266) ~[spring-webmvc-5.3.23.jar:5.3.23]
	at org.springframework.web.servlet.handler.AbstractHandlerMethodMapping.initHandlerMethods(AbstractHandlerMethodMapping.java:225) ~[spring-webmvc-5.3.23.jar:5.3.23]
	at org.springframework.web.servlet.handler.AbstractHandlerMethodMapping.afterPropertiesSet(AbstractHandlerMethodMapping.java:213) ~[spring-webmvc-5.3.23.jar:5.3.23]
	at org.springframework.web.servlet.mvc.method.annotation.RequestMappingHandlerMapping.afterPropertiesSet(RequestMappingHandlerMapping.java:205) ~[spring-webmvc-5.3.23.jar:5.3.23]
	at org.springframework.beans.factory.support.AbstractAutowireCapableBeanFactory.invokeInitMethods(AbstractAutowireCapableBeanFactory.java:1863) ~[spring-beans-5.3.23.jar:5.3.23]
	at org.springframework.beans.factory.support.AbstractAutowireCapableBeanFactory.initializeBean(AbstractAutowireCapableBeanFactory.java:1800) ~[spring-beans-5.3.23.jar:5.3.23]
	... 21 common frames omitted

2022-11-08 15:49:24.311  INFO 13160 --- [restartedMain] c.mycom.more.SpringBootMoreApplication   : Starting SpringBootMoreApplication using Java 1.8.0_192 on DESKTOP-KVCQHCD with PID 13160 (C:\SSAFY\spring\SpringBootMore\bin\main started by SSAFY in C:\SSAFY\spring\SpringBootMore)
2022-11-08 15:49:24.312  INFO 13160 --- [restartedMain] c.mycom.more.SpringBootMoreApplication   : No active profile set, falling back to 1 default profile: "default"
2022-11-08 15:49:24.336  INFO 13160 --- [restartedMain] .e.DevToolsPropertyDefaultsPostProcessor : Devtools property defaults active! Set 'spring.devtools.add-properties' to 'false' to disable
2022-11-08 15:49:24.337  INFO 13160 --- [restartedMain] .e.DevToolsPropertyDefaultsPostProcessor : For additional web related logging consider setting the 'logging.level.web' property to 'DEBUG'
2022-11-08 15:49:25.019  INFO 13160 --- [restartedMain] o.s.b.w.embedded.tomcat.TomcatWebServer  : Tomcat initialized with port(s): 8080 (http)
2022-11-08 15:49:25.024  INFO 13160 --- [restartedMain] o.apache.catalina.core.StandardService   : Starting service [Tomcat]
2022-11-08 15:49:25.024  INFO 13160 --- [restartedMain] org.apache.catalina.core.StandardEngine  : Starting Servlet engine: [Apache Tomcat/9.0.68]
2022-11-08 15:49:25.065  INFO 13160 --- [restartedMain] o.a.c.c.C.[Tomcat].[localhost].[/]       : Initializing Spring embedded WebApplicationContext
2022-11-08 15:49:25.066  INFO 13160 --- [restartedMain] w.s.c.ServletWebServerApplicationContext : Root WebApplicationContext: initialization completed in 728 ms
2022-11-08 15:49:25.511  WARN 13160 --- [restartedMain] o.s.b.d.a.OptionalLiveReloadServer       : Unable to start LiveReload server
2022-11-08 15:49:25.523  WARN 13160 --- [restartedMain] ConfigServletWebServerApplicationContext : Exception encountered during context initialization - cancelling refresh attempt: org.springframework.context.ApplicationContextException: Failed to start bean 'webServerStartStop'; nested exception is org.springframework.boot.web.server.PortInUseException: Port 8080 is already in use
2022-11-08 15:49:25.526  INFO 13160 --- [restartedMain] o.apache.catalina.core.StandardService   : Stopping service [Tomcat]
2022-11-08 15:49:25.533  INFO 13160 --- [restartedMain] ConditionEvaluationReportLoggingListener : 

Error starting ApplicationContext. To display the conditions report re-run your application with 'debug' enabled.
2022-11-08 15:49:25.545 ERROR 13160 --- [restartedMain] o.s.b.d.LoggingFailureAnalysisReporter   : 

***************************
APPLICATION FAILED TO START
***************************

Description:

Web server failed to start. Port 8080 was already in use.

Action:

Identify and stop the process that's listening on port 8080 or configure this application to listen on another port.

2022-11-08 15:49:43.821  INFO 13748 --- [restartedMain] c.mycom.more.SpringBootMoreApplication   : Starting SpringBootMoreApplication using Java 1.8.0_192 on DESKTOP-KVCQHCD with PID 13748 (C:\SSAFY\spring\SpringBootMore\bin\main started by SSAFY in C:\SSAFY\spring\SpringBootMore)
2022-11-08 15:49:43.822  INFO 13748 --- [restartedMain] c.mycom.more.SpringBootMoreApplication   : No active profile set, falling back to 1 default profile: "default"
2022-11-08 15:49:43.845  INFO 13748 --- [restartedMain] .e.DevToolsPropertyDefaultsPostProcessor : Devtools property defaults active! Set 'spring.devtools.add-properties' to 'false' to disable
2022-11-08 15:49:43.845  INFO 13748 --- [restartedMain] .e.DevToolsPropertyDefaultsPostProcessor : For additional web related logging consider setting the 'logging.level.web' property to 'DEBUG'
2022-11-08 15:49:44.524  INFO 13748 --- [restartedMain] o.s.b.w.embedded.tomcat.TomcatWebServer  : Tomcat initialized with port(s): 8080 (http)
2022-11-08 15:49:44.529  INFO 13748 --- [restartedMain] o.apache.catalina.core.StandardService   : Starting service [Tomcat]
2022-11-08 15:49:44.529  INFO 13748 --- [restartedMain] org.apache.catalina.core.StandardEngine  : Starting Servlet engine: [Apache Tomcat/9.0.68]
2022-11-08 15:49:44.566  INFO 13748 --- [restartedMain] o.a.c.c.C.[Tomcat].[localhost].[/]       : Initializing Spring embedded WebApplicationContext
2022-11-08 15:49:44.566  INFO 13748 --- [restartedMain] w.s.c.ServletWebServerApplicationContext : Root WebApplicationContext: initialization completed in 720 ms
2022-11-08 15:49:45.010  INFO 13748 --- [restartedMain] o.s.b.d.a.OptionalLiveReloadServer       : LiveReload server is running on port 35729
2022-11-08 15:49:45.029  INFO 13748 --- [restartedMain] o.s.b.w.embedded.tomcat.TomcatWebServer  : Tomcat started on port(s): 8080 (http) with context path ''
2022-11-08 15:49:45.035  INFO 13748 --- [restartedMain] c.mycom.more.SpringBootMoreApplication   : Started SpringBootMoreApplication in 1.426 seconds (JVM running for 1.867)
2022-11-08 15:50:31.312  INFO 13748 --- [File Watcher] rtingClassPathChangeChangedEventListener : Restarting due to 1 class path change (0 additions, 0 deletions, 1 modification)
2022-11-08 15:50:31.389  INFO 13748 --- [Thread-6] o.apache.catalina.core.StandardService   : Stopping service [Tomcat]
2022-11-08 15:50:31.472  INFO 13748 --- [restartedMain] c.mycom.more.SpringBootMoreApplication   : Starting SpringBootMoreApplication using Java 1.8.0_192 on DESKTOP-KVCQHCD with PID 13748 (C:\SSAFY\spring\SpringBootMore\bin\main started by SSAFY in C:\SSAFY\spring\SpringBootMore)
2022-11-08 15:50:31.472  INFO 13748 --- [restartedMain] c.mycom.more.SpringBootMoreApplication   : No active profile set, falling back to 1 default profile: "default"
2022-11-08 15:50:31.658  INFO 13748 --- [restartedMain] o.s.b.w.embedded.tomcat.TomcatWebServer  : Tomcat initialized with port(s): 8080 (http)
2022-11-08 15:50:31.658  INFO 13748 --- [restartedMain] o.apache.catalina.core.StandardService   : Starting service [Tomcat]
2022-11-08 15:50:31.658  INFO 13748 --- [restartedMain] org.apache.catalina.core.StandardEngine  : Starting Servlet engine: [Apache Tomcat/9.0.68]
2022-11-08 15:50:31.668  INFO 13748 --- [restartedMain] o.a.c.c.C.[Tomcat].[localhost].[/]       : Initializing Spring embedded WebApplicationContext
2022-11-08 15:50:31.668  INFO 13748 --- [restartedMain] w.s.c.ServletWebServerApplicationContext : Root WebApplicationContext: initialization completed in 194 ms
2022-11-08 15:50:31.766  WARN 13748 --- [restartedMain] ConfigServletWebServerApplicationContext : Exception encountered during context initialization - cancelling refresh attempt: org.springframework.beans.factory.BeanCreationException: Error creating bean with name 'requestMappingHandlerMapping' defined in class path resource [org/springframework/boot/autoconfigure/web/servlet/WebMvcAutoConfiguration$EnableWebMvcConfiguration.class]: Invocation of init method failed; nested exception is java.lang.IllegalStateException: Ambiguous mapping. Cannot map '/vue' method 
com.mycom.more.controller.StudentVueController#delete(int)
to {DELETE [/students/{studentId}]}: There is already 'studentController' bean method
com.mycom.more.controller.StudentController#delete(int) mapped.
2022-11-08 15:50:31.766  INFO 13748 --- [restartedMain] o.apache.catalina.core.StandardService   : Stopping service [Tomcat]
2022-11-08 15:50:31.770  INFO 13748 --- [restartedMain] ConditionEvaluationReportLoggingListener : 

Error starting ApplicationContext. To display the conditions report re-run your application with 'debug' enabled.
2022-11-08 15:50:31.786 ERROR 13748 --- [restartedMain] o.s.boot.SpringApplication               : Application run failed

org.springframework.beans.factory.BeanCreationException: Error creating bean with name 'requestMappingHandlerMapping' defined in class path resource [org/springframework/boot/autoconfigure/web/servlet/WebMvcAutoConfiguration$EnableWebMvcConfiguration.class]: Invocation of init method failed; nested exception is java.lang.IllegalStateException: Ambiguous mapping. Cannot map '/vue' method 
com.mycom.more.controller.StudentVueController#delete(int)
to {DELETE [/students/{studentId}]}: There is already 'studentController' bean method
com.mycom.more.controller.StudentController#delete(int) mapped.
	at org.springframework.beans.factory.support.AbstractAutowireCapableBeanFactory.initializeBean(AbstractAutowireCapableBeanFactory.java:1804) ~[spring-beans-5.3.23.jar:5.3.23]
	at org.springframework.beans.factory.support.AbstractAutowireCapableBeanFactory.doCreateBean(AbstractAutowireCapableBeanFactory.java:620) ~[spring-beans-5.3.23.jar:5.3.23]
	at org.springframework.beans.factory.support.AbstractAutowireCapableBeanFactory.createBean(AbstractAutowireCapableBeanFactory.java:542) ~[spring-beans-5.3.23.jar:5.3.23]
	at org.springframework.beans.factory.support.AbstractBeanFactory.lambda$doGetBean$0(AbstractBeanFactory.java:335) ~[spring-beans-5.3.23.jar:5.3.23]
	at org.springframework.beans.factory.support.DefaultSingletonBeanRegistry.getSingleton(DefaultSingletonBeanRegistry.java:234) ~[spring-beans-5.3.23.jar:5.3.23]
	at org.springframework.beans.factory.support.AbstractBeanFactory.doGetBean(AbstractBeanFactory.java:333) ~[spring-beans-5.3.23.jar:5.3.23]
	at org.springframework.beans.factory.support.AbstractBeanFactory.getBean(AbstractBeanFactory.java:208) ~[spring-beans-5.3.23.jar:5.3.23]
	at org.springframework.beans.factory.support.DefaultListableBeanFactory.preInstantiateSingletons(DefaultListableBeanFactory.java:955) ~[spring-beans-5.3.23.jar:5.3.23]
	at org.springframework.context.support.AbstractApplicationContext.finishBeanFactoryInitialization(AbstractApplicationContext.java:918) ~[spring-context-5.3.23.jar:5.3.23]
	at org.springframework.context.support.AbstractApplicationContext.refresh(AbstractApplicationContext.java:583) ~[spring-context-5.3.23.jar:5.3.23]
	at org.springframework.boot.web.servlet.context.ServletWebServerApplicationContext.refresh(ServletWebServerApplicationContext.java:147) ~[spring-boot-2.7.5.jar:2.7.5]
	at org.springframework.boot.SpringApplication.refresh(SpringApplication.java:734) [spring-boot-2.7.5.jar:2.7.5]
	at org.springframework.boot.SpringApplication.refreshContext(SpringApplication.java:408) [spring-boot-2.7.5.jar:2.7.5]
	at org.springframework.boot.SpringApplication.run(SpringApplication.java:308) [spring-boot-2.7.5.jar:2.7.5]
	at org.springframework.boot.SpringApplication.run(SpringApplication.java:1306) [spring-boot-2.7.5.jar:2.7.5]
	at org.springframework.boot.SpringApplication.run(SpringApplication.java:1295) [spring-boot-2.7.5.jar:2.7.5]
	at com.mycom.more.SpringBootMoreApplication.main(SpringBootMoreApplication.java:14) [main/:na]
	at sun.reflect.NativeMethodAccessorImpl.invoke0(Native Method) ~[na:1.8.0_192]
	at sun.reflect.NativeMethodAccessorImpl.invoke(NativeMethodAccessorImpl.java:62) ~[na:1.8.0_192]
	at sun.reflect.DelegatingMethodAccessorImpl.invoke(DelegatingMethodAccessorImpl.java:43) ~[na:1.8.0_192]
	at java.lang.reflect.Method.invoke(Method.java:498) ~[na:1.8.0_192]
	at org.springframework.boot.devtools.restart.RestartLauncher.run(RestartLauncher.java:49) [spring-boot-devtools-2.7.5.jar:2.7.5]
Caused by: java.lang.IllegalStateException: Ambiguous mapping. Cannot map '/vue' method 
com.mycom.more.controller.StudentVueController#delete(int)
to {DELETE [/students/{studentId}]}: There is already 'studentController' bean method
com.mycom.more.controller.StudentController#delete(int) mapped.
	at org.springframework.web.servlet.handler.AbstractHandlerMethodMapping$MappingRegistry.validateMethodMapping(AbstractHandlerMethodMapping.java:669) ~[spring-webmvc-5.3.23.jar:5.3.23]
	at org.springframework.web.servlet.handler.AbstractHandlerMethodMapping$MappingRegistry.register(AbstractHandlerMethodMapping.java:635) ~[spring-webmvc-5.3.23.jar:5.3.23]
	at org.springframework.web.servlet.handler.AbstractHandlerMethodMapping.registerHandlerMethod(AbstractHandlerMethodMapping.java:332) ~[spring-webmvc-5.3.23.jar:5.3.23]
	at org.springframework.web.servlet.mvc.method.annotation.RequestMappingHandlerMapping.registerHandlerMethod(RequestMappingHandlerMapping.java:420) ~[spring-webmvc-5.3.23.jar:5.3.23]
	at org.springframework.web.servlet.mvc.method.annotation.RequestMappingHandlerMapping.registerHandlerMethod(RequestMappingHandlerMapping.java:76) ~[spring-webmvc-5.3.23.jar:5.3.23]
	at org.springframework.web.servlet.handler.AbstractHandlerMethodMapping.lambda$detectHandlerMethods$2(AbstractHandlerMethodMapping.java:299) ~[spring-webmvc-5.3.23.jar:5.3.23]
	at java.util.LinkedHashMap.forEach(LinkedHashMap.java:684) ~[na:1.8.0_192]
	at org.springframework.web.servlet.handler.AbstractHandlerMethodMapping.detectHandlerMethods(AbstractHandlerMethodMapping.java:297) ~[spring-webmvc-5.3.23.jar:5.3.23]
	at org.springframework.web.servlet.handler.AbstractHandlerMethodMapping.processCandidateBean(AbstractHandlerMethodMapping.java:266) ~[spring-webmvc-5.3.23.jar:5.3.23]
	at org.springframework.web.servlet.handler.AbstractHandlerMethodMapping.initHandlerMethods(AbstractHandlerMethodMapping.java:225) ~[spring-webmvc-5.3.23.jar:5.3.23]
	at org.springframework.web.servlet.handler.AbstractHandlerMethodMapping.afterPropertiesSet(AbstractHandlerMethodMapping.java:213) ~[spring-webmvc-5.3.23.jar:5.3.23]
	at org.springframework.web.servlet.mvc.method.annotation.RequestMappingHandlerMapping.afterPropertiesSet(RequestMappingHandlerMapping.java:205) ~[spring-webmvc-5.3.23.jar:5.3.23]
	at org.springframework.beans.factory.support.AbstractAutowireCapableBeanFactory.invokeInitMethods(AbstractAutowireCapableBeanFactory.java:1863) ~[spring-beans-5.3.23.jar:5.3.23]
	at org.springframework.beans.factory.support.AbstractAutowireCapableBeanFactory.initializeBean(AbstractAutowireCapableBeanFactory.java:1800) ~[spring-beans-5.3.23.jar:5.3.23]
	... 21 common frames omitted

2022-11-08 15:50:47.543  INFO 13748 --- [restartedMain] c.mycom.more.SpringBootMoreApplication   : Starting SpringBootMoreApplication using Java 1.8.0_192 on DESKTOP-KVCQHCD with PID 13748 (C:\SSAFY\spring\SpringBootMore\bin\main started by SSAFY in C:\SSAFY\spring\SpringBootMore)
2022-11-08 15:50:47.543  INFO 13748 --- [restartedMain] c.mycom.more.SpringBootMoreApplication   : No active profile set, falling back to 1 default profile: "default"
2022-11-08 15:50:47.698  INFO 13748 --- [restartedMain] o.s.b.w.embedded.tomcat.TomcatWebServer  : Tomcat initialized with port(s): 8080 (http)
2022-11-08 15:50:47.698  INFO 13748 --- [restartedMain] o.apache.catalina.core.StandardService   : Starting service [Tomcat]
2022-11-08 15:50:47.698  INFO 13748 --- [restartedMain] org.apache.catalina.core.StandardEngine  : Starting Servlet engine: [Apache Tomcat/9.0.68]
2022-11-08 15:50:47.708  INFO 13748 --- [restartedMain] o.a.c.c.C.[Tomcat-1].[localhost].[/]     : Initializing Spring embedded WebApplicationContext
2022-11-08 15:50:47.708  INFO 13748 --- [restartedMain] w.s.c.ServletWebServerApplicationContext : Root WebApplicationContext: initialization completed in 163 ms
2022-11-08 15:50:47.809  WARN 13748 --- [restartedMain] ConfigServletWebServerApplicationContext : Exception encountered during context initialization - cancelling refresh attempt: org.springframework.beans.factory.BeanCreationException: Error creating bean with name 'requestMappingHandlerMapping' defined in class path resource [org/springframework/boot/autoconfigure/web/servlet/WebMvcAutoConfiguration$EnableWebMvcConfiguration.class]: Invocation of init method failed; nested exception is java.lang.IllegalStateException: Ambiguous mapping. Cannot map '/vue' method 
com.mycom.more.controller.StudentVueController#list()
to {GET [/students]}: There is already 'studentController' bean method
com.mycom.more.controller.StudentController#list() mapped.
2022-11-08 15:50:47.809  INFO 13748 --- [restartedMain] o.apache.catalina.core.StandardService   : Stopping service [Tomcat]
2022-11-08 15:50:47.813  INFO 13748 --- [restartedMain] ConditionEvaluationReportLoggingListener : 

Error starting ApplicationContext. To display the conditions report re-run your application with 'debug' enabled.
2022-11-08 15:50:47.815 ERROR 13748 --- [restartedMain] o.s.boot.SpringApplication               : Application run failed

org.springframework.beans.factory.BeanCreationException: Error creating bean with name 'requestMappingHandlerMapping' defined in class path resource [org/springframework/boot/autoconfigure/web/servlet/WebMvcAutoConfiguration$EnableWebMvcConfiguration.class]: Invocation of init method failed; nested exception is java.lang.IllegalStateException: Ambiguous mapping. Cannot map '/vue' method 
com.mycom.more.controller.StudentVueController#list()
to {GET [/students]}: There is already 'studentController' bean method
com.mycom.more.controller.StudentController#list() mapped.
	at org.springframework.beans.factory.support.AbstractAutowireCapableBeanFactory.initializeBean(AbstractAutowireCapableBeanFactory.java:1804) ~[spring-beans-5.3.23.jar:5.3.23]
	at org.springframework.beans.factory.support.AbstractAutowireCapableBeanFactory.doCreateBean(AbstractAutowireCapableBeanFactory.java:620) ~[spring-beans-5.3.23.jar:5.3.23]
	at org.springframework.beans.factory.support.AbstractAutowireCapableBeanFactory.createBean(AbstractAutowireCapableBeanFactory.java:542) ~[spring-beans-5.3.23.jar:5.3.23]
	at org.springframework.beans.factory.support.AbstractBeanFactory.lambda$doGetBean$0(AbstractBeanFactory.java:335) ~[spring-beans-5.3.23.jar:5.3.23]
	at org.springframework.beans.factory.support.DefaultSingletonBeanRegistry.getSingleton(DefaultSingletonBeanRegistry.java:234) ~[spring-beans-5.3.23.jar:5.3.23]
	at org.springframework.beans.factory.support.AbstractBeanFactory.doGetBean(AbstractBeanFactory.java:333) ~[spring-beans-5.3.23.jar:5.3.23]
	at org.springframework.beans.factory.support.AbstractBeanFactory.getBean(AbstractBeanFactory.java:208) ~[spring-beans-5.3.23.jar:5.3.23]
	at org.springframework.beans.factory.support.DefaultListableBeanFactory.preInstantiateSingletons(DefaultListableBeanFactory.java:955) ~[spring-beans-5.3.23.jar:5.3.23]
	at org.springframework.context.support.AbstractApplicationContext.finishBeanFactoryInitialization(AbstractApplicationContext.java:918) ~[spring-context-5.3.23.jar:5.3.23]
	at org.springframework.context.support.AbstractApplicationContext.refresh(AbstractApplicationContext.java:583) ~[spring-context-5.3.23.jar:5.3.23]
	at org.springframework.boot.web.servlet.context.ServletWebServerApplicationContext.refresh(ServletWebServerApplicationContext.java:147) ~[spring-boot-2.7.5.jar:2.7.5]
	at org.springframework.boot.SpringApplication.refresh(SpringApplication.java:734) [spring-boot-2.7.5.jar:2.7.5]
	at org.springframework.boot.SpringApplication.refreshContext(SpringApplication.java:408) [spring-boot-2.7.5.jar:2.7.5]
	at org.springframework.boot.SpringApplication.run(SpringApplication.java:308) [spring-boot-2.7.5.jar:2.7.5]
	at org.springframework.boot.SpringApplication.run(SpringApplication.java:1306) [spring-boot-2.7.5.jar:2.7.5]
	at org.springframework.boot.SpringApplication.run(SpringApplication.java:1295) [spring-boot-2.7.5.jar:2.7.5]
	at com.mycom.more.SpringBootMoreApplication.main(SpringBootMoreApplication.java:14) [main/:na]
	at sun.reflect.NativeMethodAccessorImpl.invoke0(Native Method) ~[na:1.8.0_192]
	at sun.reflect.NativeMethodAccessorImpl.invoke(NativeMethodAccessorImpl.java:62) ~[na:1.8.0_192]
	at sun.reflect.DelegatingMethodAccessorImpl.invoke(DelegatingMethodAccessorImpl.java:43) ~[na:1.8.0_192]
	at java.lang.reflect.Method.invoke(Method.java:498) ~[na:1.8.0_192]
	at org.springframework.boot.devtools.restart.RestartLauncher.run(RestartLauncher.java:49) [spring-boot-devtools-2.7.5.jar:2.7.5]
Caused by: java.lang.IllegalStateException: Ambiguous mapping. Cannot map '/vue' method 
com.mycom.more.controller.StudentVueController#list()
to {GET [/students]}: There is already 'studentController' bean method
com.mycom.more.controller.StudentController#list() mapped.
	at org.springframework.web.servlet.handler.AbstractHandlerMethodMapping$MappingRegistry.validateMethodMapping(AbstractHandlerMethodMapping.java:669) ~[spring-webmvc-5.3.23.jar:5.3.23]
	at org.springframework.web.servlet.handler.AbstractHandlerMethodMapping$MappingRegistry.register(AbstractHandlerMethodMapping.java:635) ~[spring-webmvc-5.3.23.jar:5.3.23]
	at org.springframework.web.servlet.handler.AbstractHandlerMethodMapping.registerHandlerMethod(AbstractHandlerMethodMapping.java:332) ~[spring-webmvc-5.3.23.jar:5.3.23]
	at org.springframework.web.servlet.mvc.method.annotation.RequestMappingHandlerMapping.registerHandlerMethod(RequestMappingHandlerMapping.java:420) ~[spring-webmvc-5.3.23.jar:5.3.23]
	at org.springframework.web.servlet.mvc.method.annotation.RequestMappingHandlerMapping.registerHandlerMethod(RequestMappingHandlerMapping.java:76) ~[spring-webmvc-5.3.23.jar:5.3.23]
	at org.springframework.web.servlet.handler.AbstractHandlerMethodMapping.lambda$detectHandlerMethods$2(AbstractHandlerMethodMapping.java:299) ~[spring-webmvc-5.3.23.jar:5.3.23]
	at java.util.LinkedHashMap.forEach(LinkedHashMap.java:684) ~[na:1.8.0_192]
	at org.springframework.web.servlet.handler.AbstractHandlerMethodMapping.detectHandlerMethods(AbstractHandlerMethodMapping.java:297) ~[spring-webmvc-5.3.23.jar:5.3.23]
	at org.springframework.web.servlet.handler.AbstractHandlerMethodMapping.processCandidateBean(AbstractHandlerMethodMapping.java:266) ~[spring-webmvc-5.3.23.jar:5.3.23]
	at org.springframework.web.servlet.handler.AbstractHandlerMethodMapping.initHandlerMethods(AbstractHandlerMethodMapping.java:225) ~[spring-webmvc-5.3.23.jar:5.3.23]
	at org.springframework.web.servlet.handler.AbstractHandlerMethodMapping.afterPropertiesSet(AbstractHandlerMethodMapping.java:213) ~[spring-webmvc-5.3.23.jar:5.3.23]
	at org.springframework.web.servlet.mvc.method.annotation.RequestMappingHandlerMapping.afterPropertiesSet(RequestMappingHandlerMapping.java:205) ~[spring-webmvc-5.3.23.jar:5.3.23]
	at org.springframework.beans.factory.support.AbstractAutowireCapableBeanFactory.invokeInitMethods(AbstractAutowireCapableBeanFactory.java:1863) ~[spring-beans-5.3.23.jar:5.3.23]
	at org.springframework.beans.factory.support.AbstractAutowireCapableBeanFactory.initializeBean(AbstractAutowireCapableBeanFactory.java:1800) ~[spring-beans-5.3.23.jar:5.3.23]
	... 21 common frames omitted

2022-11-08 15:51:00.534  INFO 13748 --- [restartedMain] c.mycom.more.SpringBootMoreApplication   : Starting SpringBootMoreApplication using Java 1.8.0_192 on DESKTOP-KVCQHCD with PID 13748 (C:\SSAFY\spring\SpringBootMore\bin\main started by SSAFY in C:\SSAFY\spring\SpringBootMore)
2022-11-08 15:51:00.534  INFO 13748 --- [restartedMain] c.mycom.more.SpringBootMoreApplication   : No active profile set, falling back to 1 default profile: "default"
2022-11-08 15:51:00.678  INFO 13748 --- [restartedMain] o.s.b.w.embedded.tomcat.TomcatWebServer  : Tomcat initialized with port(s): 8080 (http)
2022-11-08 15:51:00.679  INFO 13748 --- [restartedMain] o.apache.catalina.core.StandardService   : Starting service [Tomcat]
2022-11-08 15:51:00.679  INFO 13748 --- [restartedMain] org.apache.catalina.core.StandardEngine  : Starting Servlet engine: [Apache Tomcat/9.0.68]
2022-11-08 15:51:00.690  INFO 13748 --- [restartedMain] o.a.c.c.C.[Tomcat-2].[localhost].[/]     : Initializing Spring embedded WebApplicationContext
2022-11-08 15:51:00.690  INFO 13748 --- [restartedMain] w.s.c.ServletWebServerApplicationContext : Root WebApplicationContext: initialization completed in 155 ms
2022-11-08 15:51:00.834  INFO 13748 --- [restartedMain] o.s.b.d.a.OptionalLiveReloadServer       : LiveReload server is running on port 35729
2022-11-08 15:51:00.841  INFO 13748 --- [restartedMain] o.s.b.w.embedded.tomcat.TomcatWebServer  : Tomcat started on port(s): 8080 (http) with context path ''
2022-11-08 15:51:00.843  INFO 13748 --- [restartedMain] c.mycom.more.SpringBootMoreApplication   : Started SpringBootMoreApplication in 0.326 seconds (JVM running for 77.675)
2022-11-08 15:51:00.844  INFO 13748 --- [restartedMain] .ConditionEvaluationDeltaLoggingListener : Condition evaluation unchanged
2022-11-08 15:51:51.316  INFO 13748 --- [File Watcher] rtingClassPathChangeChangedEventListener : Restarting due to 1 class path change (0 additions, 0 deletions, 1 modification)
2022-11-08 15:51:51.418  INFO 13748 --- [Thread-8] o.apache.catalina.core.StandardService   : Stopping service [Tomcat]
2022-11-08 15:51:51.532  INFO 13748 --- [restartedMain] c.mycom.more.SpringBootMoreApplication   : Starting SpringBootMoreApplication using Java 1.8.0_192 on DESKTOP-KVCQHCD with PID 13748 (C:\SSAFY\spring\SpringBootMore\bin\main started by SSAFY in C:\SSAFY\spring\SpringBootMore)
2022-11-08 15:51:51.533  INFO 13748 --- [restartedMain] c.mycom.more.SpringBootMoreApplication   : No active profile set, falling back to 1 default profile: "default"
2022-11-08 15:51:51.699  INFO 13748 --- [restartedMain] o.s.b.w.embedded.tomcat.TomcatWebServer  : Tomcat initialized with port(s): 8080 (http)
2022-11-08 15:51:51.700  INFO 13748 --- [restartedMain] o.apache.catalina.core.StandardService   : Starting service [Tomcat]
2022-11-08 15:51:51.700  INFO 13748 --- [restartedMain] org.apache.catalina.core.StandardEngine  : Starting Servlet engine: [Apache Tomcat/9.0.68]
2022-11-08 15:51:51.707  INFO 13748 --- [restartedMain] o.a.c.c.C.[Tomcat-2].[localhost].[/]     : Initializing Spring embedded WebApplicationContext
2022-11-08 15:51:51.708  INFO 13748 --- [restartedMain] w.s.c.ServletWebServerApplicationContext : Root WebApplicationContext: initialization completed in 174 ms
2022-11-08 15:51:51.849  INFO 13748 --- [restartedMain] o.s.b.d.a.OptionalLiveReloadServer       : LiveReload server is running on port 35729
2022-11-08 15:51:51.856  INFO 13748 --- [restartedMain] o.s.b.w.embedded.tomcat.TomcatWebServer  : Tomcat started on port(s): 8080 (http) with context path ''
2022-11-08 15:51:51.858  INFO 13748 --- [restartedMain] c.mycom.more.SpringBootMoreApplication   : Started SpringBootMoreApplication in 0.341 seconds (JVM running for 128.69)
2022-11-08 15:51:51.859  INFO 13748 --- [restartedMain] .ConditionEvaluationDeltaLoggingListener : Condition evaluation unchanged
2022-11-08 15:51:55.344  INFO 13748 --- [File Watcher] rtingClassPathChangeChangedEventListener : Restarting due to 1 class path change (0 additions, 0 deletions, 1 modification)
2022-11-08 15:51:55.438  INFO 13748 --- [Thread-18] o.apache.catalina.core.StandardService   : Stopping service [Tomcat]
2022-11-08 15:51:55.525  INFO 13748 --- [restartedMain] c.mycom.more.SpringBootMoreApplication   : Starting SpringBootMoreApplication using Java 1.8.0_192 on DESKTOP-KVCQHCD with PID 13748 (C:\SSAFY\spring\SpringBootMore\bin\main started by SSAFY in C:\SSAFY\spring\SpringBootMore)
2022-11-08 15:51:55.525  INFO 13748 --- [restartedMain] c.mycom.more.SpringBootMoreApplication   : No active profile set, falling back to 1 default profile: "default"
2022-11-08 15:51:55.665  INFO 13748 --- [restartedMain] o.s.b.w.embedded.tomcat.TomcatWebServer  : Tomcat initialized with port(s): 8080 (http)
2022-11-08 15:51:55.666  INFO 13748 --- [restartedMain] o.apache.catalina.core.StandardService   : Starting service [Tomcat]
2022-11-08 15:51:55.666  INFO 13748 --- [restartedMain] org.apache.catalina.core.StandardEngine  : Starting Servlet engine: [Apache Tomcat/9.0.68]
2022-11-08 15:51:55.674  INFO 13748 --- [restartedMain] o.a.c.c.C.[Tomcat-2].[localhost].[/]     : Initializing Spring embedded WebApplicationContext
2022-11-08 15:51:55.674  INFO 13748 --- [restartedMain] w.s.c.ServletWebServerApplicationContext : Root WebApplicationContext: initialization completed in 148 ms
2022-11-08 15:51:55.821  INFO 13748 --- [restartedMain] o.s.b.d.a.OptionalLiveReloadServer       : LiveReload server is running on port 35729
2022-11-08 15:51:55.827  INFO 13748 --- [restartedMain] o.s.b.w.embedded.tomcat.TomcatWebServer  : Tomcat started on port(s): 8080 (http) with context path ''
2022-11-08 15:51:55.830  INFO 13748 --- [restartedMain] c.mycom.more.SpringBootMoreApplication   : Started SpringBootMoreApplication in 0.319 seconds (JVM running for 132.662)
2022-11-08 15:51:55.830  INFO 13748 --- [restartedMain] .ConditionEvaluationDeltaLoggingListener : Condition evaluation unchanged
2022-11-08 15:51:58.286  INFO 13748 --- [File Watcher] rtingClassPathChangeChangedEventListener : Restarting due to 1 class path change (0 additions, 0 deletions, 1 modification)
2022-11-08 15:51:58.358  INFO 13748 --- [Thread-22] o.apache.catalina.core.StandardService   : Stopping service [Tomcat]
2022-11-08 15:51:58.446  INFO 13748 --- [restartedMain] c.mycom.more.SpringBootMoreApplication   : Starting SpringBootMoreApplication using Java 1.8.0_192 on DESKTOP-KVCQHCD with PID 13748 (C:\SSAFY\spring\SpringBootMore\bin\main started by SSAFY in C:\SSAFY\spring\SpringBootMore)
2022-11-08 15:51:58.446  INFO 13748 --- [restartedMain] c.mycom.more.SpringBootMoreApplication   : No active profile set, falling back to 1 default profile: "default"
2022-11-08 15:51:58.585  INFO 13748 --- [restartedMain] o.s.b.w.embedded.tomcat.TomcatWebServer  : Tomcat initialized with port(s): 8080 (http)
2022-11-08 15:51:58.585  INFO 13748 --- [restartedMain] o.apache.catalina.core.StandardService   : Starting service [Tomcat]
2022-11-08 15:51:58.585  INFO 13748 --- [restartedMain] org.apache.catalina.core.StandardEngine  : Starting Servlet engine: [Apache Tomcat/9.0.68]
2022-11-08 15:51:58.602  INFO 13748 --- [restartedMain] o.a.c.c.C.[Tomcat-2].[localhost].[/]     : Initializing Spring embedded WebApplicationContext
2022-11-08 15:51:58.602  INFO 13748 --- [restartedMain] w.s.c.ServletWebServerApplicationContext : Root WebApplicationContext: initialization completed in 155 ms
2022-11-08 15:51:58.692  WARN 13748 --- [restartedMain] ConfigServletWebServerApplicationContext : Exception encountered during context initialization - cancelling refresh attempt: org.springframework.beans.factory.BeanCreationException: Error creating bean with name 'requestMappingHandlerMapping' defined in class path resource [org/springframework/boot/autoconfigure/web/servlet/WebMvcAutoConfiguration$EnableWebMvcConfiguration.class]: Invocation of init method failed; nested exception is java.lang.IllegalStateException: Ambiguous mapping. Cannot map 'studentVueController' method 
com.mycom.more.controller.StudentVueController#delete(int)
to { []}: There is already 'studentVueController' bean method
com.mycom.more.controller.StudentVueController#update(StudentDto) mapped.
2022-11-08 15:51:58.692  INFO 13748 --- [restartedMain] o.apache.catalina.core.StandardService   : Stopping service [Tomcat]
2022-11-08 15:51:58.695  INFO 13748 --- [restartedMain] ConditionEvaluationReportLoggingListener : 

Error starting ApplicationContext. To display the conditions report re-run your application with 'debug' enabled.
2022-11-08 15:51:58.698 ERROR 13748 --- [restartedMain] o.s.boot.SpringApplication               : Application run failed

org.springframework.beans.factory.BeanCreationException: Error creating bean with name 'requestMappingHandlerMapping' defined in class path resource [org/springframework/boot/autoconfigure/web/servlet/WebMvcAutoConfiguration$EnableWebMvcConfiguration.class]: Invocation of init method failed; nested exception is java.lang.IllegalStateException: Ambiguous mapping. Cannot map 'studentVueController' method 
com.mycom.more.controller.StudentVueController#delete(int)
to { []}: There is already 'studentVueController' bean method
com.mycom.more.controller.StudentVueController#update(StudentDto) mapped.
	at org.springframework.beans.factory.support.AbstractAutowireCapableBeanFactory.initializeBean(AbstractAutowireCapableBeanFactory.java:1804) ~[spring-beans-5.3.23.jar:5.3.23]
	at org.springframework.beans.factory.support.AbstractAutowireCapableBeanFactory.doCreateBean(AbstractAutowireCapableBeanFactory.java:620) ~[spring-beans-5.3.23.jar:5.3.23]
	at org.springframework.beans.factory.support.AbstractAutowireCapableBeanFactory.createBean(AbstractAutowireCapableBeanFactory.java:542) ~[spring-beans-5.3.23.jar:5.3.23]
	at org.springframework.beans.factory.support.AbstractBeanFactory.lambda$doGetBean$0(AbstractBeanFactory.java:335) ~[spring-beans-5.3.23.jar:5.3.23]
	at org.springframework.beans.factory.support.DefaultSingletonBeanRegistry.getSingleton(DefaultSingletonBeanRegistry.java:234) ~[spring-beans-5.3.23.jar:5.3.23]
	at org.springframework.beans.factory.support.AbstractBeanFactory.doGetBean(AbstractBeanFactory.java:333) ~[spring-beans-5.3.23.jar:5.3.23]
	at org.springframework.beans.factory.support.AbstractBeanFactory.getBean(AbstractBeanFactory.java:208) ~[spring-beans-5.3.23.jar:5.3.23]
	at org.springframework.beans.factory.support.DefaultListableBeanFactory.preInstantiateSingletons(DefaultListableBeanFactory.java:955) ~[spring-beans-5.3.23.jar:5.3.23]
	at org.springframework.context.support.AbstractApplicationContext.finishBeanFactoryInitialization(AbstractApplicationContext.java:918) ~[spring-context-5.3.23.jar:5.3.23]
	at org.springframework.context.support.AbstractApplicationContext.refresh(AbstractApplicationContext.java:583) ~[spring-context-5.3.23.jar:5.3.23]
	at org.springframework.boot.web.servlet.context.ServletWebServerApplicationContext.refresh(ServletWebServerApplicationContext.java:147) ~[spring-boot-2.7.5.jar:2.7.5]
	at org.springframework.boot.SpringApplication.refresh(SpringApplication.java:734) [spring-boot-2.7.5.jar:2.7.5]
	at org.springframework.boot.SpringApplication.refreshContext(SpringApplication.java:408) [spring-boot-2.7.5.jar:2.7.5]
	at org.springframework.boot.SpringApplication.run(SpringApplication.java:308) [spring-boot-2.7.5.jar:2.7.5]
	at org.springframework.boot.SpringApplication.run(SpringApplication.java:1306) [spring-boot-2.7.5.jar:2.7.5]
	at org.springframework.boot.SpringApplication.run(SpringApplication.java:1295) [spring-boot-2.7.5.jar:2.7.5]
	at com.mycom.more.SpringBootMoreApplication.main(SpringBootMoreApplication.java:14) [main/:na]
	at sun.reflect.NativeMethodAccessorImpl.invoke0(Native Method) ~[na:1.8.0_192]
	at sun.reflect.NativeMethodAccessorImpl.invoke(NativeMethodAccessorImpl.java:62) ~[na:1.8.0_192]
	at sun.reflect.DelegatingMethodAccessorImpl.invoke(DelegatingMethodAccessorImpl.java:43) ~[na:1.8.0_192]
	at java.lang.reflect.Method.invoke(Method.java:498) ~[na:1.8.0_192]
	at org.springframework.boot.devtools.restart.RestartLauncher.run(RestartLauncher.java:49) [spring-boot-devtools-2.7.5.jar:2.7.5]
Caused by: java.lang.IllegalStateException: Ambiguous mapping. Cannot map 'studentVueController' method 
com.mycom.more.controller.StudentVueController#delete(int)
to { []}: There is already 'studentVueController' bean method
com.mycom.more.controller.StudentVueController#update(StudentDto) mapped.
	at org.springframework.web.servlet.handler.AbstractHandlerMethodMapping$MappingRegistry.validateMethodMapping(AbstractHandlerMethodMapping.java:669) ~[spring-webmvc-5.3.23.jar:5.3.23]
	at org.springframework.web.servlet.handler.AbstractHandlerMethodMapping$MappingRegistry.register(AbstractHandlerMethodMapping.java:635) ~[spring-webmvc-5.3.23.jar:5.3.23]
	at org.springframework.web.servlet.handler.AbstractHandlerMethodMapping.registerHandlerMethod(AbstractHandlerMethodMapping.java:332) ~[spring-webmvc-5.3.23.jar:5.3.23]
	at org.springframework.web.servlet.mvc.method.annotation.RequestMappingHandlerMapping.registerHandlerMethod(RequestMappingHandlerMapping.java:420) ~[spring-webmvc-5.3.23.jar:5.3.23]
	at org.springframework.web.servlet.mvc.method.annotation.RequestMappingHandlerMapping.registerHandlerMethod(RequestMappingHandlerMapping.java:76) ~[spring-webmvc-5.3.23.jar:5.3.23]
	at org.springframework.web.servlet.handler.AbstractHandlerMethodMapping.lambda$detectHandlerMethods$2(AbstractHandlerMethodMapping.java:299) ~[spring-webmvc-5.3.23.jar:5.3.23]
	at java.util.LinkedHashMap.forEach(LinkedHashMap.java:684) ~[na:1.8.0_192]
	at org.springframework.web.servlet.handler.AbstractHandlerMethodMapping.detectHandlerMethods(AbstractHandlerMethodMapping.java:297) ~[spring-webmvc-5.3.23.jar:5.3.23]
	at org.springframework.web.servlet.handler.AbstractHandlerMethodMapping.processCandidateBean(AbstractHandlerMethodMapping.java:266) ~[spring-webmvc-5.3.23.jar:5.3.23]
	at org.springframework.web.servlet.handler.AbstractHandlerMethodMapping.initHandlerMethods(AbstractHandlerMethodMapping.java:225) ~[spring-webmvc-5.3.23.jar:5.3.23]
	at org.springframework.web.servlet.handler.AbstractHandlerMethodMapping.afterPropertiesSet(AbstractHandlerMethodMapping.java:213) ~[spring-webmvc-5.3.23.jar:5.3.23]
	at org.springframework.web.servlet.mvc.method.annotation.RequestMappingHandlerMapping.afterPropertiesSet(RequestMappingHandlerMapping.java:205) ~[spring-webmvc-5.3.23.jar:5.3.23]
	at org.springframework.beans.factory.support.AbstractAutowireCapableBeanFactory.invokeInitMethods(AbstractAutowireCapableBeanFactory.java:1863) ~[spring-beans-5.3.23.jar:5.3.23]
	at org.springframework.beans.factory.support.AbstractAutowireCapableBeanFactory.initializeBean(AbstractAutowireCapableBeanFactory.java:1800) ~[spring-beans-5.3.23.jar:5.3.23]
	... 21 common frames omitted

2022-11-08 15:52:10.397  INFO 13748 --- [restartedMain] c.mycom.more.SpringBootMoreApplication   : Starting SpringBootMoreApplication using Java 1.8.0_192 on DESKTOP-KVCQHCD with PID 13748 (C:\SSAFY\spring\SpringBootMore\bin\main started by SSAFY in C:\SSAFY\spring\SpringBootMore)
2022-11-08 15:52:10.397  INFO 13748 --- [restartedMain] c.mycom.more.SpringBootMoreApplication   : No active profile set, falling back to 1 default profile: "default"
2022-11-08 15:52:10.535  INFO 13748 --- [restartedMain] o.s.b.w.embedded.tomcat.TomcatWebServer  : Tomcat initialized with port(s): 8080 (http)
2022-11-08 15:52:10.535  INFO 13748 --- [restartedMain] o.apache.catalina.core.StandardService   : Starting service [Tomcat]
2022-11-08 15:52:10.535  INFO 13748 --- [restartedMain] org.apache.catalina.core.StandardEngine  : Starting Servlet engine: [Apache Tomcat/9.0.68]
2022-11-08 15:52:10.544  INFO 13748 --- [restartedMain] o.a.c.c.C.[Tomcat-3].[localhost].[/]     : Initializing Spring embedded WebApplicationContext
2022-11-08 15:52:10.544  INFO 13748 --- [restartedMain] w.s.c.ServletWebServerApplicationContext : Root WebApplicationContext: initialization completed in 146 ms
2022-11-08 15:52:10.689  INFO 13748 --- [restartedMain] o.s.b.d.a.OptionalLiveReloadServer       : LiveReload server is running on port 35729
2022-11-08 15:52:10.696  INFO 13748 --- [restartedMain] o.s.b.w.embedded.tomcat.TomcatWebServer  : Tomcat started on port(s): 8080 (http) with context path ''
2022-11-08 15:52:10.698  INFO 13748 --- [restartedMain] c.mycom.more.SpringBootMoreApplication   : Started SpringBootMoreApplication in 0.317 seconds (JVM running for 147.53)
2022-11-08 15:52:10.699  INFO 13748 --- [restartedMain] .ConditionEvaluationDeltaLoggingListener : Condition evaluation unchanged
2022-11-08 15:53:05.387  INFO 13748 --- [File Watcher] rtingClassPathChangeChangedEventListener : Restarting due to 1 class path change (0 additions, 0 deletions, 1 modification)
2022-11-08 15:53:05.479  INFO 13748 --- [Thread-26] o.apache.catalina.core.StandardService   : Stopping service [Tomcat]
2022-11-08 15:53:05.571  INFO 13748 --- [restartedMain] c.mycom.more.SpringBootMoreApplication   : Starting SpringBootMoreApplication using Java 1.8.0_192 on DESKTOP-KVCQHCD with PID 13748 (C:\SSAFY\spring\SpringBootMore\bin\main started by SSAFY in C:\SSAFY\spring\SpringBootMore)
2022-11-08 15:53:05.571  INFO 13748 --- [restartedMain] c.mycom.more.SpringBootMoreApplication   : No active profile set, falling back to 1 default profile: "default"
2022-11-08 15:53:05.729  INFO 13748 --- [restartedMain] o.s.b.w.embedded.tomcat.TomcatWebServer  : Tomcat initialized with port(s): 8080 (http)
2022-11-08 15:53:05.730  INFO 13748 --- [restartedMain] o.apache.catalina.core.StandardService   : Starting service [Tomcat]
2022-11-08 15:53:05.730  INFO 13748 --- [restartedMain] org.apache.catalina.core.StandardEngine  : Starting Servlet engine: [Apache Tomcat/9.0.68]
2022-11-08 15:53:05.738  INFO 13748 --- [restartedMain] o.a.c.c.C.[Tomcat-3].[localhost].[/]     : Initializing Spring embedded WebApplicationContext
2022-11-08 15:53:05.738  INFO 13748 --- [restartedMain] w.s.c.ServletWebServerApplicationContext : Root WebApplicationContext: initialization completed in 166 ms
2022-11-08 15:53:05.872  INFO 13748 --- [restartedMain] o.s.b.d.a.OptionalLiveReloadServer       : LiveReload server is running on port 35729
2022-11-08 15:53:05.878  INFO 13748 --- [restartedMain] o.s.b.w.embedded.tomcat.TomcatWebServer  : Tomcat started on port(s): 8080 (http) with context path ''
2022-11-08 15:53:05.881  INFO 13748 --- [restartedMain] c.mycom.more.SpringBootMoreApplication   : Started SpringBootMoreApplication in 0.325 seconds (JVM running for 202.712)
2022-11-08 15:53:05.881  INFO 13748 --- [restartedMain] .ConditionEvaluationDeltaLoggingListener : Condition evaluation unchanged
2022-11-08 15:54:36.616  INFO 13748 --- [http-nio-8080-exec-2] o.a.c.c.C.[Tomcat-3].[localhost].[/]     : Initializing Spring DispatcherServlet 'dispatcherServlet'
2022-11-08 15:54:36.618  INFO 13748 --- [http-nio-8080-exec-2] o.s.web.servlet.DispatcherServlet        : Initializing Servlet 'dispatcherServlet'
2022-11-08 15:54:36.619  INFO 13748 --- [http-nio-8080-exec-2] o.s.web.servlet.DispatcherServlet        : Completed initialization in 1 ms
2022-11-08 15:54:36.638  INFO 13748 --- [http-nio-8080-exec-2] com.zaxxer.hikari.HikariDataSource       : HikariPool-1 - Starting...
2022-11-08 15:54:36.768  INFO 13748 --- [http-nio-8080-exec-2] com.zaxxer.hikari.HikariDataSource       : HikariPool-1 - Start completed.
2022-11-08 16:08:49.158  INFO 13748 --- [File Watcher] rtingClassPathChangeChangedEventListener : Restarting due to 1 class path change (0 additions, 0 deletions, 1 modification)
2022-11-08 16:08:49.230  INFO 13748 --- [Thread-33] o.apache.catalina.core.StandardService   : Stopping service [Tomcat]
2022-11-08 16:08:49.232  INFO 13748 --- [Thread-33] o.a.c.c.C.[Tomcat-3].[localhost].[/]     : Destroying Spring FrameworkServlet 'dispatcherServlet'
2022-11-08 16:08:49.235  WARN 13748 --- [Thread-33] o.a.c.loader.WebappClassLoaderBase       : The web application [ROOT] appears to have started a thread named [HikariPool-1 housekeeper] but has failed to stop it. This is very likely to create a memory leak. Stack trace of thread:
 sun.misc.Unsafe.park(Native Method)
 java.util.concurrent.locks.LockSupport.parkNanos(LockSupport.java:215)
 java.util.concurrent.locks.AbstractQueuedSynchronizer$ConditionObject.awaitNanos(AbstractQueuedSynchronizer.java:2078)
 java.util.concurrent.ScheduledThreadPoolExecutor$DelayedWorkQueue.take(ScheduledThreadPoolExecutor.java:1093)
 java.util.concurrent.ScheduledThreadPoolExecutor$DelayedWorkQueue.take(ScheduledThreadPoolExecutor.java:809)
 java.util.concurrent.ThreadPoolExecutor.getTask(ThreadPoolExecutor.java:1074)
 java.util.concurrent.ThreadPoolExecutor.runWorker(ThreadPoolExecutor.java:1134)
 java.util.concurrent.ThreadPoolExecutor$Worker.run(ThreadPoolExecutor.java:624)
 java.lang.Thread.run(Thread.java:748)
2022-11-08 16:08:49.239  INFO 13748 --- [Thread-33] com.zaxxer.hikari.HikariDataSource       : HikariPool-1 - Shutdown initiated...
2022-11-08 16:08:49.244  INFO 13748 --- [Thread-33] com.zaxxer.hikari.HikariDataSource       : HikariPool-1 - Shutdown completed.
2022-11-08 16:08:49.366  INFO 13748 --- [restartedMain] c.mycom.more.SpringBootMoreApplication   : Starting SpringBootMoreApplication using Java 1.8.0_192 on DESKTOP-KVCQHCD with PID 13748 (C:\SSAFY\spring\SpringBootMore\bin\main started by SSAFY in C:\SSAFY\spring\SpringBootMore)
2022-11-08 16:08:49.366  INFO 13748 --- [restartedMain] c.mycom.more.SpringBootMoreApplication   : No active profile set, falling back to 1 default profile: "default"
2022-11-08 16:08:49.528  INFO 13748 --- [restartedMain] o.s.b.w.embedded.tomcat.TomcatWebServer  : Tomcat initialized with port(s): 8080 (http)
2022-11-08 16:08:49.528  INFO 13748 --- [restartedMain] o.apache.catalina.core.StandardService   : Starting service [Tomcat]
2022-11-08 16:08:49.528  INFO 13748 --- [restartedMain] org.apache.catalina.core.StandardEngine  : Starting Servlet engine: [Apache Tomcat/9.0.68]
2022-11-08 16:08:49.535  INFO 13748 --- [restartedMain] o.a.c.c.C.[Tomcat-3].[localhost].[/]     : Initializing Spring embedded WebApplicationContext
2022-11-08 16:08:49.535  INFO 13748 --- [restartedMain] w.s.c.ServletWebServerApplicationContext : Root WebApplicationContext: initialization completed in 168 ms
2022-11-08 16:08:49.674  INFO 13748 --- [restartedMain] o.s.b.d.a.OptionalLiveReloadServer       : LiveReload server is running on port 35729
2022-11-08 16:08:49.680  INFO 13748 --- [restartedMain] o.s.b.w.embedded.tomcat.TomcatWebServer  : Tomcat started on port(s): 8080 (http) with context path ''
2022-11-08 16:08:49.682  INFO 13748 --- [restartedMain] c.mycom.more.SpringBootMoreApplication   : Started SpringBootMoreApplication in 0.332 seconds (JVM running for 1146.514)
2022-11-08 16:08:49.683  INFO 13748 --- [restartedMain] .ConditionEvaluationDeltaLoggingListener : Condition evaluation unchanged
2022-11-08 16:09:05.391  INFO 13748 --- [File Watcher] rtingClassPathChangeChangedEventListener : Restarting due to 1 class path change (0 additions, 0 deletions, 1 modification)
2022-11-08 16:09:05.465  INFO 13748 --- [Thread-37] o.apache.catalina.core.StandardService   : Stopping service [Tomcat]
2022-11-08 16:09:05.554  INFO 13748 --- [restartedMain] c.mycom.more.SpringBootMoreApplication   : Starting SpringBootMoreApplication using Java 1.8.0_192 on DESKTOP-KVCQHCD with PID 13748 (C:\SSAFY\spring\SpringBootMore\bin\main started by SSAFY in C:\SSAFY\spring\SpringBootMore)
2022-11-08 16:09:05.554  INFO 13748 --- [restartedMain] c.mycom.more.SpringBootMoreApplication   : No active profile set, falling back to 1 default profile: "default"
2022-11-08 16:09:05.695  INFO 13748 --- [restartedMain] o.s.b.w.embedded.tomcat.TomcatWebServer  : Tomcat initialized with port(s): 8080 (http)
2022-11-08 16:09:05.695  INFO 13748 --- [restartedMain] o.apache.catalina.core.StandardService   : Starting service [Tomcat]
2022-11-08 16:09:05.695  INFO 13748 --- [restartedMain] org.apache.catalina.core.StandardEngine  : Starting Servlet engine: [Apache Tomcat/9.0.68]
2022-11-08 16:09:05.703  INFO 13748 --- [restartedMain] o.a.c.c.C.[Tomcat-3].[localhost].[/]     : Initializing Spring embedded WebApplicationContext
2022-11-08 16:09:05.703  INFO 13748 --- [restartedMain] w.s.c.ServletWebServerApplicationContext : Root WebApplicationContext: initialization completed in 148 ms
2022-11-08 16:09:05.845  INFO 13748 --- [restartedMain] o.s.b.d.a.OptionalLiveReloadServer       : LiveReload server is running on port 35729
2022-11-08 16:09:05.851  INFO 13748 --- [restartedMain] o.s.b.w.embedded.tomcat.TomcatWebServer  : Tomcat started on port(s): 8080 (http) with context path ''
2022-11-08 16:09:05.853  INFO 13748 --- [restartedMain] c.mycom.more.SpringBootMoreApplication   : Started SpringBootMoreApplication in 0.316 seconds (JVM running for 1162.685)
2022-11-08 16:09:05.853  INFO 13748 --- [restartedMain] .ConditionEvaluationDeltaLoggingListener : Condition evaluation unchanged
2022-11-08 16:18:24.250  INFO 13748 --- [http-nio-8080-exec-1] o.a.c.c.C.[Tomcat-3].[localhost].[/]     : Initializing Spring DispatcherServlet 'dispatcherServlet'
2022-11-08 16:18:24.250  INFO 13748 --- [http-nio-8080-exec-1] o.s.web.servlet.DispatcherServlet        : Initializing Servlet 'dispatcherServlet'
2022-11-08 16:18:24.251  INFO 13748 --- [http-nio-8080-exec-1] o.s.web.servlet.DispatcherServlet        : Completed initialization in 1 ms
2022-11-08 16:18:56.398  INFO 13748 --- [File Watcher] rtingClassPathChangeChangedEventListener : Restarting due to 1 class path change (0 additions, 0 deletions, 1 modification)
2022-11-08 16:18:56.491  INFO 13748 --- [Thread-41] o.apache.catalina.core.StandardService   : Stopping service [Tomcat]
2022-11-08 16:18:56.492  INFO 13748 --- [Thread-41] o.a.c.c.C.[Tomcat-3].[localhost].[/]     : Destroying Spring FrameworkServlet 'dispatcherServlet'
2022-11-08 16:18:56.579  INFO 13748 --- [restartedMain] c.mycom.more.SpringBootMoreApplication   : Starting SpringBootMoreApplication using Java 1.8.0_192 on DESKTOP-KVCQHCD with PID 13748 (C:\SSAFY\spring\SpringBootMore\bin\main started by SSAFY in C:\SSAFY\spring\SpringBootMore)
2022-11-08 16:18:56.579  INFO 13748 --- [restartedMain] c.mycom.more.SpringBootMoreApplication   : No active profile set, falling back to 1 default profile: "default"
2022-11-08 16:18:56.740  INFO 13748 --- [restartedMain] o.s.b.w.embedded.tomcat.TomcatWebServer  : Tomcat initialized with port(s): 8080 (http)
2022-11-08 16:18:56.741  INFO 13748 --- [restartedMain] o.apache.catalina.core.StandardService   : Starting service [Tomcat]
2022-11-08 16:18:56.741  INFO 13748 --- [restartedMain] org.apache.catalina.core.StandardEngine  : Starting Servlet engine: [Apache Tomcat/9.0.68]
2022-11-08 16:18:56.747  INFO 13748 --- [restartedMain] o.a.c.c.C.[Tomcat-3].[localhost].[/]     : Initializing Spring embedded WebApplicationContext
2022-11-08 16:18:56.748  INFO 13748 --- [restartedMain] w.s.c.ServletWebServerApplicationContext : Root WebApplicationContext: initialization completed in 168 ms
2022-11-08 16:18:56.883  INFO 13748 --- [restartedMain] o.s.b.d.a.OptionalLiveReloadServer       : LiveReload server is running on port 35729
2022-11-08 16:18:56.889  INFO 13748 --- [restartedMain] o.s.b.w.embedded.tomcat.TomcatWebServer  : Tomcat started on port(s): 8080 (http) with context path ''
2022-11-08 16:18:56.891  INFO 13748 --- [restartedMain] c.mycom.more.SpringBootMoreApplication   : Started SpringBootMoreApplication in 0.327 seconds (JVM running for 1753.723)
2022-11-08 16:18:56.892  INFO 13748 --- [restartedMain] .ConditionEvaluationDeltaLoggingListener : Condition evaluation unchanged
2022-11-08 16:19:01.381  INFO 13748 --- [http-nio-8080-exec-1] o.a.c.c.C.[Tomcat-3].[localhost].[/]     : Initializing Spring DispatcherServlet 'dispatcherServlet'
2022-11-08 16:19:01.382  INFO 13748 --- [http-nio-8080-exec-1] o.s.web.servlet.DispatcherServlet        : Initializing Servlet 'dispatcherServlet'
2022-11-08 16:19:01.382  INFO 13748 --- [http-nio-8080-exec-1] o.s.web.servlet.DispatcherServlet        : Completed initialization in 0 ms
2022-11-08 16:23:04.931  INFO 13748 --- [File Watcher] rtingClassPathChangeChangedEventListener : Restarting due to 1 class path change (0 additions, 0 deletions, 1 modification)
2022-11-08 16:23:05.027  INFO 13748 --- [Thread-45] o.apache.catalina.core.StandardService   : Stopping service [Tomcat]
2022-11-08 16:23:05.030  INFO 13748 --- [Thread-45] o.a.c.c.C.[Tomcat-3].[localhost].[/]     : Destroying Spring FrameworkServlet 'dispatcherServlet'
2022-11-08 16:23:05.111  INFO 13748 --- [restartedMain] c.mycom.more.SpringBootMoreApplication   : Starting SpringBootMoreApplication using Java 1.8.0_192 on DESKTOP-KVCQHCD with PID 13748 (C:\SSAFY\spring\SpringBootMore\bin\main started by SSAFY in C:\SSAFY\spring\SpringBootMore)
2022-11-08 16:23:05.111  INFO 13748 --- [restartedMain] c.mycom.more.SpringBootMoreApplication   : No active profile set, falling back to 1 default profile: "default"
2022-11-08 16:23:05.277  INFO 13748 --- [restartedMain] o.s.b.w.embedded.tomcat.TomcatWebServer  : Tomcat initialized with port(s): 8080 (http)
2022-11-08 16:23:05.277  INFO 13748 --- [restartedMain] o.apache.catalina.core.StandardService   : Starting service [Tomcat]
2022-11-08 16:23:05.278  INFO 13748 --- [restartedMain] org.apache.catalina.core.StandardEngine  : Starting Servlet engine: [Apache Tomcat/9.0.68]
2022-11-08 16:23:05.286  INFO 13748 --- [restartedMain] o.a.c.c.C.[Tomcat-3].[localhost].[/]     : Initializing Spring embedded WebApplicationContext
2022-11-08 16:23:05.287  INFO 13748 --- [restartedMain] w.s.c.ServletWebServerApplicationContext : Root WebApplicationContext: initialization completed in 176 ms
2022-11-08 16:23:05.448  INFO 13748 --- [restartedMain] o.s.b.d.a.OptionalLiveReloadServer       : LiveReload server is running on port 35729
2022-11-08 16:23:05.454  INFO 13748 --- [restartedMain] o.s.b.w.embedded.tomcat.TomcatWebServer  : Tomcat started on port(s): 8080 (http) with context path ''
2022-11-08 16:23:05.457  INFO 13748 --- [restartedMain] c.mycom.more.SpringBootMoreApplication   : Started SpringBootMoreApplication in 0.361 seconds (JVM running for 2002.288)
2022-11-08 16:23:05.457  INFO 13748 --- [restartedMain] .ConditionEvaluationDeltaLoggingListener : Condition evaluation unchanged
2022-11-08 16:23:42.641  INFO 13748 --- [http-nio-8080-exec-1] o.a.c.c.C.[Tomcat-3].[localhost].[/]     : Initializing Spring DispatcherServlet 'dispatcherServlet'
2022-11-08 16:23:42.641  INFO 13748 --- [http-nio-8080-exec-1] o.s.web.servlet.DispatcherServlet        : Initializing Servlet 'dispatcherServlet'
2022-11-08 16:23:42.642  INFO 13748 --- [http-nio-8080-exec-1] o.s.web.servlet.DispatcherServlet        : Completed initialization in 1 ms
2022-11-08 16:24:34.991  INFO 13748 --- [RMI TCP Connection(2)-127.0.0.1] inMXBeanRegistrar$SpringApplicationAdmin : Application shutdown requested.
2022-11-08 16:24:35.065  INFO 13748 --- [RMI TCP Connection(2)-127.0.0.1] o.apache.catalina.core.StandardService   : Stopping service [Tomcat]
2022-11-08 16:24:35.066  INFO 13748 --- [RMI TCP Connection(2)-127.0.0.1] o.a.c.c.C.[Tomcat-3].[localhost].[/]     : Destroying Spring FrameworkServlet 'dispatcherServlet'
2022-11-08 16:24:41.656  INFO 452 --- [restartedMain] c.mycom.more.SpringBootMoreApplication   : Starting SpringBootMoreApplication using Java 1.8.0_192 on DESKTOP-KVCQHCD with PID 452 (C:\SSAFY\spring\SpringBootMore\bin\main started by SSAFY in C:\SSAFY\spring\SpringBootMore)
2022-11-08 16:24:41.657  INFO 452 --- [restartedMain] c.mycom.more.SpringBootMoreApplication   : No active profile set, falling back to 1 default profile: "default"
2022-11-08 16:24:41.681  INFO 452 --- [restartedMain] .e.DevToolsPropertyDefaultsPostProcessor : Devtools property defaults active! Set 'spring.devtools.add-properties' to 'false' to disable
2022-11-08 16:24:41.681  INFO 452 --- [restartedMain] .e.DevToolsPropertyDefaultsPostProcessor : For additional web related logging consider setting the 'logging.level.web' property to 'DEBUG'
2022-11-08 16:24:42.371  INFO 452 --- [restartedMain] o.s.b.w.embedded.tomcat.TomcatWebServer  : Tomcat initialized with port(s): 8080 (http)
2022-11-08 16:24:42.376  INFO 452 --- [restartedMain] o.apache.catalina.core.StandardService   : Starting service [Tomcat]
2022-11-08 16:24:42.376  INFO 452 --- [restartedMain] org.apache.catalina.core.StandardEngine  : Starting Servlet engine: [Apache Tomcat/9.0.68]
2022-11-08 16:24:42.414  INFO 452 --- [restartedMain] o.a.c.c.C.[Tomcat].[localhost].[/]       : Initializing Spring embedded WebApplicationContext
2022-11-08 16:24:42.414  INFO 452 --- [restartedMain] w.s.c.ServletWebServerApplicationContext : Root WebApplicationContext: initialization completed in 733 ms
2022-11-08 16:24:42.860  INFO 452 --- [restartedMain] o.s.b.d.a.OptionalLiveReloadServer       : LiveReload server is running on port 35729
2022-11-08 16:24:42.878  INFO 452 --- [restartedMain] o.s.b.w.embedded.tomcat.TomcatWebServer  : Tomcat started on port(s): 8080 (http) with context path ''
2022-11-08 16:24:42.884  INFO 452 --- [restartedMain] c.mycom.more.SpringBootMoreApplication   : Started SpringBootMoreApplication in 1.441 seconds (JVM running for 1.88)
2022-11-08 16:24:48.434  INFO 452 --- [http-nio-8080-exec-1] o.a.c.c.C.[Tomcat].[localhost].[/]       : Initializing Spring DispatcherServlet 'dispatcherServlet'
2022-11-08 16:24:48.434  INFO 452 --- [http-nio-8080-exec-1] o.s.web.servlet.DispatcherServlet        : Initializing Servlet 'dispatcherServlet'
2022-11-08 16:24:48.435  INFO 452 --- [http-nio-8080-exec-1] o.s.web.servlet.DispatcherServlet        : Completed initialization in 1 ms
2022-11-08 16:25:27.227  INFO 452 --- [File Watcher] rtingClassPathChangeChangedEventListener : Restarting due to 18 class path changes (0 additions, 18 deletions, 0 modifications)
2022-11-08 16:25:27.369  INFO 452 --- [Thread-6] o.apache.catalina.core.StandardService   : Stopping service [Tomcat]
2022-11-08 16:25:27.371  INFO 452 --- [Thread-6] o.a.c.c.C.[Tomcat].[localhost].[/]       : Destroying Spring FrameworkServlet 'dispatcherServlet'
2022-11-08 16:25:30.346  INFO 452 --- [restartedMain] c.mycom.more.SpringBootMoreApplication   : Starting SpringBootMoreApplication using Java 1.8.0_192 on DESKTOP-KVCQHCD with PID 452 (C:\SSAFY\spring\SpringBootMore\bin\main started by SSAFY in C:\SSAFY\spring\SpringBootMore)
2022-11-08 16:25:30.347  INFO 452 --- [restartedMain] c.mycom.more.SpringBootMoreApplication   : No active profile set, falling back to 1 default profile: "default"
2022-11-08 16:25:30.596  INFO 452 --- [restartedMain] o.s.b.w.embedded.tomcat.TomcatWebServer  : Tomcat initialized with port(s): 8080 (http)
2022-11-08 16:25:30.597  INFO 452 --- [restartedMain] o.apache.catalina.core.StandardService   : Starting service [Tomcat]
2022-11-08 16:25:30.597  INFO 452 --- [restartedMain] org.apache.catalina.core.StandardEngine  : Starting Servlet engine: [Apache Tomcat/9.0.68]
2022-11-08 16:25:30.606  INFO 452 --- [restartedMain] o.a.c.c.C.[Tomcat-1].[localhost].[/]     : Initializing Spring embedded WebApplicationContext
2022-11-08 16:25:30.607  INFO 452 --- [restartedMain] w.s.c.ServletWebServerApplicationContext : Root WebApplicationContext: initialization completed in 258 ms
2022-11-08 16:25:30.991  INFO 452 --- [restartedMain] o.s.b.d.a.OptionalLiveReloadServer       : LiveReload server is running on port 35729
2022-11-08 16:25:31.000  INFO 452 --- [restartedMain] o.s.b.w.embedded.tomcat.TomcatWebServer  : Tomcat started on port(s): 8080 (http) with context path ''
2022-11-08 16:25:31.002  INFO 452 --- [restartedMain] c.mycom.more.SpringBootMoreApplication   : Started SpringBootMoreApplication in 0.683 seconds (JVM running for 49.997)
2022-11-08 16:25:31.003  INFO 452 --- [restartedMain] .ConditionEvaluationDeltaLoggingListener : Condition evaluation unchanged
2022-11-08 16:25:41.908  INFO 452 --- [RMI TCP Connection(2)-127.0.0.1] inMXBeanRegistrar$SpringApplicationAdmin : Application shutdown requested.
2022-11-08 16:25:41.993  INFO 452 --- [RMI TCP Connection(2)-127.0.0.1] o.apache.catalina.core.StandardService   : Stopping service [Tomcat]
2022-11-08 16:25:50.510  INFO 12972 --- [restartedMain] c.mycom.more.SpringBootMoreApplication   : Starting SpringBootMoreApplication using Java 1.8.0_192 on DESKTOP-KVCQHCD with PID 12972 (C:\SSAFY\spring\SpringBootMore\bin\main started by SSAFY in C:\SSAFY\spring\SpringBootMore)
2022-11-08 16:25:50.511  INFO 12972 --- [restartedMain] c.mycom.more.SpringBootMoreApplication   : No active profile set, falling back to 1 default profile: "default"
2022-11-08 16:25:50.535  INFO 12972 --- [restartedMain] .e.DevToolsPropertyDefaultsPostProcessor : Devtools property defaults active! Set 'spring.devtools.add-properties' to 'false' to disable
2022-11-08 16:25:50.535  INFO 12972 --- [restartedMain] .e.DevToolsPropertyDefaultsPostProcessor : For additional web related logging consider setting the 'logging.level.web' property to 'DEBUG'
2022-11-08 16:25:51.215  INFO 12972 --- [restartedMain] o.s.b.w.embedded.tomcat.TomcatWebServer  : Tomcat initialized with port(s): 8080 (http)
2022-11-08 16:25:51.220  INFO 12972 --- [restartedMain] o.apache.catalina.core.StandardService   : Starting service [Tomcat]
2022-11-08 16:25:51.220  INFO 12972 --- [restartedMain] org.apache.catalina.core.StandardEngine  : Starting Servlet engine: [Apache Tomcat/9.0.68]
2022-11-08 16:25:51.257  INFO 12972 --- [restartedMain] o.a.c.c.C.[Tomcat].[localhost].[/]       : Initializing Spring embedded WebApplicationContext
2022-11-08 16:25:51.257  INFO 12972 --- [restartedMain] w.s.c.ServletWebServerApplicationContext : Root WebApplicationContext: initialization completed in 721 ms
2022-11-08 16:25:51.713  INFO 12972 --- [restartedMain] o.s.b.d.a.OptionalLiveReloadServer       : LiveReload server is running on port 35729
2022-11-08 16:25:51.732  INFO 12972 --- [restartedMain] o.s.b.w.embedded.tomcat.TomcatWebServer  : Tomcat started on port(s): 8080 (http) with context path ''
2022-11-08 16:25:51.738  INFO 12972 --- [restartedMain] c.mycom.more.SpringBootMoreApplication   : Started SpringBootMoreApplication in 1.438 seconds (JVM running for 1.87)
2022-11-08 16:26:18.637  INFO 12972 --- [http-nio-8080-exec-1] o.a.c.c.C.[Tomcat].[localhost].[/]       : Initializing Spring DispatcherServlet 'dispatcherServlet'
2022-11-08 16:26:18.638  INFO 12972 --- [http-nio-8080-exec-1] o.s.web.servlet.DispatcherServlet        : Initializing Servlet 'dispatcherServlet'
2022-11-08 16:26:18.638  INFO 12972 --- [http-nio-8080-exec-1] o.s.web.servlet.DispatcherServlet        : Completed initialization in 0 ms
2022-11-08 16:26:44.397  INFO 12972 --- [http-nio-8080-exec-6] com.zaxxer.hikari.HikariDataSource       : HikariPool-1 - Starting...
2022-11-08 16:26:44.539  INFO 12972 --- [http-nio-8080-exec-6] com.zaxxer.hikari.HikariDataSource       : HikariPool-1 - Start completed.
2022-11-08 16:43:48.075  INFO 12972 --- [File Watcher] rtingClassPathChangeChangedEventListener : Restarting due to 1 class path change (0 additions, 0 deletions, 1 modification)
2022-11-08 16:43:48.166  INFO 12972 --- [Thread-6] o.apache.catalina.core.StandardService   : Stopping service [Tomcat]
2022-11-08 16:43:48.167  INFO 12972 --- [Thread-6] o.a.c.c.C.[Tomcat].[localhost].[/]       : Destroying Spring FrameworkServlet 'dispatcherServlet'
2022-11-08 16:43:48.170  WARN 12972 --- [Thread-6] o.a.c.loader.WebappClassLoaderBase       : The web application [ROOT] appears to have started a thread named [HikariPool-1 housekeeper] but has failed to stop it. This is very likely to create a memory leak. Stack trace of thread:
 sun.misc.Unsafe.park(Native Method)
 java.util.concurrent.locks.LockSupport.parkNanos(LockSupport.java:215)
 java.util.concurrent.locks.AbstractQueuedSynchronizer$ConditionObject.awaitNanos(AbstractQueuedSynchronizer.java:2078)
 java.util.concurrent.ScheduledThreadPoolExecutor$DelayedWorkQueue.take(ScheduledThreadPoolExecutor.java:1093)
 java.util.concurrent.ScheduledThreadPoolExecutor$DelayedWorkQueue.take(ScheduledThreadPoolExecutor.java:809)
 java.util.concurrent.ThreadPoolExecutor.getTask(ThreadPoolExecutor.java:1074)
 java.util.concurrent.ThreadPoolExecutor.runWorker(ThreadPoolExecutor.java:1134)
 java.util.concurrent.ThreadPoolExecutor$Worker.run(ThreadPoolExecutor.java:624)
 java.lang.Thread.run(Thread.java:748)
2022-11-08 16:43:48.173  INFO 12972 --- [Thread-6] com.zaxxer.hikari.HikariDataSource       : HikariPool-1 - Shutdown initiated...
2022-11-08 16:43:48.180  INFO 12972 --- [Thread-6] com.zaxxer.hikari.HikariDataSource       : HikariPool-1 - Shutdown completed.
2022-11-08 16:43:48.267  INFO 12972 --- [restartedMain] c.mycom.more.SpringBootMoreApplication   : Starting SpringBootMoreApplication using Java 1.8.0_192 on DESKTOP-KVCQHCD with PID 12972 (C:\SSAFY\spring\SpringBootMore\bin\main started by SSAFY in C:\SSAFY\spring\SpringBootMore)
2022-11-08 16:43:48.267  INFO 12972 --- [restartedMain] c.mycom.more.SpringBootMoreApplication   : No active profile set, falling back to 1 default profile: "default"
2022-11-08 16:43:48.480  INFO 12972 --- [restartedMain] o.s.b.w.embedded.tomcat.TomcatWebServer  : Tomcat initialized with port(s): 8080 (http)
2022-11-08 16:43:48.480  INFO 12972 --- [restartedMain] o.apache.catalina.core.StandardService   : Starting service [Tomcat]
2022-11-08 16:43:48.480  INFO 12972 --- [restartedMain] org.apache.catalina.core.StandardEngine  : Starting Servlet engine: [Apache Tomcat/9.0.68]
2022-11-08 16:43:48.487  INFO 12972 --- [restartedMain] o.a.c.c.C.[Tomcat].[localhost].[/]       : Initializing Spring embedded WebApplicationContext
2022-11-08 16:43:48.488  INFO 12972 --- [restartedMain] w.s.c.ServletWebServerApplicationContext : Root WebApplicationContext: initialization completed in 220 ms
2022-11-08 16:43:48.661  INFO 12972 --- [restartedMain] o.s.b.d.a.OptionalLiveReloadServer       : LiveReload server is running on port 35729
2022-11-08 16:43:48.668  INFO 12972 --- [restartedMain] o.s.b.w.embedded.tomcat.TomcatWebServer  : Tomcat started on port(s): 8080 (http) with context path ''
2022-11-08 16:43:48.671  INFO 12972 --- [restartedMain] c.mycom.more.SpringBootMoreApplication   : Started SpringBootMoreApplication in 0.423 seconds (JVM running for 1078.804)
2022-11-08 16:43:48.673  INFO 12972 --- [restartedMain] .ConditionEvaluationDeltaLoggingListener : Condition evaluation unchanged
2022-11-08 16:43:54.577  INFO 12972 --- [http-nio-8080-exec-1] o.a.c.c.C.[Tomcat].[localhost].[/]       : Initializing Spring DispatcherServlet 'dispatcherServlet'
2022-11-08 16:43:54.578  INFO 12972 --- [http-nio-8080-exec-1] o.s.web.servlet.DispatcherServlet        : Initializing Servlet 'dispatcherServlet'
2022-11-08 16:43:54.579  INFO 12972 --- [http-nio-8080-exec-1] o.s.web.servlet.DispatcherServlet        : Completed initialization in 1 ms
2022-11-08 16:43:54.580  INFO 12972 --- [http-nio-8080-exec-1] com.zaxxer.hikari.HikariDataSource       : HikariPool-2 - Starting...
2022-11-08 16:43:54.590  INFO 12972 --- [http-nio-8080-exec-1] com.zaxxer.hikari.HikariDataSource       : HikariPool-2 - Start completed.
2022-11-08 17:17:58.545  INFO 12972 --- [RMI TCP Connection(2)-127.0.0.1] inMXBeanRegistrar$SpringApplicationAdmin : Application shutdown requested.
2022-11-08 17:17:58.640  INFO 12972 --- [RMI TCP Connection(2)-127.0.0.1] o.apache.catalina.core.StandardService   : Stopping service [Tomcat]
2022-11-08 17:17:58.644  INFO 12972 --- [RMI TCP Connection(2)-127.0.0.1] o.a.c.c.C.[Tomcat].[localhost].[/]       : Destroying Spring FrameworkServlet 'dispatcherServlet'
2022-11-08 17:17:58.647  WARN 12972 --- [RMI TCP Connection(2)-127.0.0.1] o.a.c.loader.WebappClassLoaderBase       : The web application [ROOT] appears to have started a thread named [HikariPool-2 housekeeper] but has failed to stop it. This is very likely to create a memory leak. Stack trace of thread:
 sun.misc.Unsafe.park(Native Method)
 java.util.concurrent.locks.LockSupport.parkNanos(LockSupport.java:215)
 java.util.concurrent.locks.AbstractQueuedSynchronizer$ConditionObject.awaitNanos(AbstractQueuedSynchronizer.java:2078)
 java.util.concurrent.ScheduledThreadPoolExecutor$DelayedWorkQueue.take(ScheduledThreadPoolExecutor.java:1093)
 java.util.concurrent.ScheduledThreadPoolExecutor$DelayedWorkQueue.take(ScheduledThreadPoolExecutor.java:809)
 java.util.concurrent.ThreadPoolExecutor.getTask(ThreadPoolExecutor.java:1074)
 java.util.concurrent.ThreadPoolExecutor.runWorker(ThreadPoolExecutor.java:1134)
 java.util.concurrent.ThreadPoolExecutor$Worker.run(ThreadPoolExecutor.java:624)
 java.lang.Thread.run(Thread.java:748)
2022-11-08 17:17:58.652  INFO 12972 --- [RMI TCP Connection(2)-127.0.0.1] com.zaxxer.hikari.HikariDataSource       : HikariPool-2 - Shutdown initiated...
2022-11-08 17:17:58.656  INFO 12972 --- [RMI TCP Connection(2)-127.0.0.1] com.zaxxer.hikari.HikariDataSource       : HikariPool-2 - Shutdown completed.
